{"/home/travis/build/npmtest/node-npmtest-rolling-spider/test.js":{"path":"/home/travis/build/npmtest/node-npmtest-rolling-spider/test.js","s":{"1":2,"2":2,"3":2,"4":2,"5":2,"6":2,"7":2,"8":1,"9":2,"10":2,"11":1,"12":1,"13":1,"14":1,"15":2,"16":2,"17":2,"18":2,"19":1,"20":1,"21":2,"22":2,"23":2,"24":1,"25":1,"26":1,"27":1,"28":1,"29":1,"30":1,"31":1,"32":1,"33":1,"34":1,"35":1,"36":1,"37":1,"38":1,"39":2,"40":2,"41":1,"42":2,"43":2,"44":1,"45":2,"46":2,"47":1,"48":2,"49":2,"50":1,"51":1,"52":1,"53":1,"54":1},"b":{"1":[2,1,1,1],"2":[1,1,1,1],"3":[1,1],"4":[1,1],"5":[1,1],"6":[1,1],"7":[1,1],"8":[1,1],"9":[1,1],"10":[1,1,1],"11":[1,1],"12":[1,1],"13":[1,1],"14":[1,1],"15":[1,1],"16":[1,1],"17":[1,1]},"f":{"1":2,"2":2,"3":2,"4":2,"5":2,"6":1,"7":1,"8":1,"9":2,"10":2,"11":2,"12":2,"13":1},"fnMap":{"1":{"name":"(anonymous_1)","line":12,"loc":{"start":{"line":12,"column":1},"end":{"line":12,"column":13}}},"2":{"name":"(anonymous_2)","line":19,"loc":{"start":{"line":19,"column":5},"end":{"line":19,"column":17}}},"3":{"name":"(anonymous_3)","line":23,"loc":{"start":{"line":23,"column":24},"end":{"line":23,"column":36}}},"4":{"name":"(anonymous_4)","line":61,"loc":{"start":{"line":61,"column":5},"end":{"line":61,"column":17}}},"5":{"name":"(anonymous_5)","line":82,"loc":{"start":{"line":82,"column":5},"end":{"line":82,"column":17}}},"6":{"name":"(anonymous_6)","line":91,"loc":{"start":{"line":91,"column":77},"end":{"line":94,"column":10}}},"7":{"name":"(anonymous_7)","line":112,"loc":{"start":{"line":112,"column":83},"end":{"line":115,"column":10}},"skip":true},"8":{"name":"(anonymous_8)","line":123,"loc":{"start":{"line":123,"column":77},"end":{"line":126,"column":10}},"skip":true},"9":{"name":"(anonymous_9)","line":139,"loc":{"start":{"line":139,"column":12},"end":{"line":139,"column":40}},"skip":true},"10":{"name":"(anonymous_10)","line":147,"loc":{"start":{"line":147,"column":77},"end":{"line":150,"column":10}},"skip":true},"11":{"name":"(anonymous_11)","line":158,"loc":{"start":{"line":158,"column":83},"end":{"line":161,"column":10}},"skip":true},"12":{"name":"(anonymous_12)","line":169,"loc":{"start":{"line":169,"column":79},"end":{"line":172,"column":10}},"skip":true},"13":{"name":"(anonymous_13)","line":180,"loc":{"start":{"line":180,"column":75},"end":{"line":183,"column":10}},"skip":true}},"statementMap":{"1":{"start":{"line":12,"column":0},"end":{"line":195,"column":5}},"2":{"start":{"line":14,"column":4},"end":{"line":14,"column":14}},"3":{"start":{"line":19,"column":4},"end":{"line":56,"column":9}},"4":{"start":{"line":21,"column":8},"end":{"line":21,"column":19}},"5":{"start":{"line":23,"column":8},"end":{"line":35,"column":13}},"6":{"start":{"line":24,"column":12},"end":{"line":34,"column":13}},"7":{"start":{"line":25,"column":16},"end":{"line":28,"column":30}},"8":{"start":{"line":30,"column":16},"end":{"line":33,"column":27}},"9":{"start":{"line":37,"column":8},"end":{"line":39,"column":21}},"10":{"start":{"line":40,"column":8},"end":{"line":53,"column":9}},"11":{"start":{"line":43,"column":12},"end":{"line":46,"column":14}},"12":{"start":{"line":47,"column":12},"end":{"line":47,"column":18}},"13":{"start":{"line":50,"column":12},"end":{"line":51,"column":46}},"14":{"start":{"line":52,"column":12},"end":{"line":52,"column":18}},"15":{"start":{"line":55,"column":8},"end":{"line":55,"column":35}},"16":{"start":{"line":61,"column":4},"end":{"line":63,"column":9}},"17":{"start":{"line":62,"column":8},"end":{"line":62,"column":15}},"18":{"start":{"line":64,"column":4},"end":{"line":77,"column":5}},"19":{"start":{"line":70,"column":8},"end":{"line":70,"column":14}},"20":{"start":{"line":76,"column":8},"end":{"line":76,"column":14}},"21":{"start":{"line":82,"column":4},"end":{"line":84,"column":9}},"22":{"start":{"line":83,"column":8},"end":{"line":83,"column":15}},"23":{"start":{"line":85,"column":4},"end":{"line":194,"column":5}},"24":{"start":{"line":91,"column":8},"end":{"line":99,"column":10}},"25":{"start":{"line":98,"column":12},"end":{"line":98,"column":35}},"26":{"start":{"line":102,"column":8},"end":{"line":104,"column":63}},"27":{"start":{"line":105,"column":8},"end":{"line":105,"column":14}},"28":{"start":{"line":112,"column":8},"end":{"line":121,"column":10},"skip":true},"29":{"start":{"line":119,"column":12},"end":{"line":119,"column":55},"skip":true},"30":{"start":{"line":120,"column":12},"end":{"line":120,"column":48},"skip":true},"31":{"start":{"line":123,"column":8},"end":{"line":136,"column":10},"skip":true},"32":{"start":{"line":130,"column":12},"end":{"line":130,"column":76},"skip":true},"33":{"start":{"line":131,"column":12},"end":{"line":131,"column":73},"skip":true},"34":{"start":{"line":132,"column":12},"end":{"line":132,"column":74},"skip":true},"35":{"start":{"line":133,"column":12},"end":{"line":133,"column":79},"skip":true},"36":{"start":{"line":134,"column":12},"end":{"line":134,"column":25},"skip":true},"37":{"start":{"line":135,"column":12},"end":{"line":135,"column":45},"skip":true},"38":{"start":{"line":138,"column":8},"end":{"line":145,"column":14},"skip":true},"39":{"start":{"line":143,"column":16},"end":{"line":143,"column":29},"skip":true},"40":{"start":{"line":144,"column":16},"end":{"line":144,"column":55},"skip":true},"41":{"start":{"line":147,"column":8},"end":{"line":156,"column":10},"skip":true},"42":{"start":{"line":154,"column":12},"end":{"line":154,"column":25},"skip":true},"43":{"start":{"line":155,"column":12},"end":{"line":155,"column":45},"skip":true},"44":{"start":{"line":158,"column":8},"end":{"line":167,"column":10},"skip":true},"45":{"start":{"line":165,"column":12},"end":{"line":165,"column":25},"skip":true},"46":{"start":{"line":166,"column":12},"end":{"line":166,"column":48},"skip":true},"47":{"start":{"line":169,"column":8},"end":{"line":178,"column":10},"skip":true},"48":{"start":{"line":176,"column":12},"end":{"line":176,"column":25},"skip":true},"49":{"start":{"line":177,"column":12},"end":{"line":177,"column":46},"skip":true},"50":{"start":{"line":180,"column":8},"end":{"line":189,"column":10},"skip":true},"51":{"start":{"line":187,"column":12},"end":{"line":187,"column":94},"skip":true},"52":{"start":{"line":188,"column":12},"end":{"line":188,"column":48},"skip":true},"53":{"start":{"line":192,"column":8},"end":{"line":192,"column":35},"skip":true},"54":{"start":{"line":193,"column":8},"end":{"line":193,"column":14},"skip":true}},"branchMap":{"1":{"line":25,"type":"binary-expr","locations":[{"start":{"line":25,"column":23},"end":{"line":25,"column":62}},{"start":{"line":26,"column":20},"end":{"line":26,"column":70}},{"start":{"line":27,"column":20},"end":{"line":27,"column":71}},{"start":{"line":28,"column":20},"end":{"line":28,"column":29}}]},"2":{"line":30,"type":"binary-expr","locations":[{"start":{"line":30,"column":23},"end":{"line":30,"column":37}},{"start":{"line":31,"column":20},"end":{"line":31,"column":61}},{"start":{"line":32,"column":20},"end":{"line":32,"column":70}},{"start":{"line":33,"column":20},"end":{"line":33,"column":26}}]},"3":{"line":37,"type":"cond-expr","locations":[{"start":{"line":38,"column":14},"end":{"line":38,"column":20}},{"start":{"line":39,"column":14},"end":{"line":39,"column":20}}]},"4":{"line":40,"type":"switch","locations":[{"start":{"line":42,"column":8},"end":{"line":47,"column":18}},{"start":{"line":49,"column":8},"end":{"line":52,"column":18}}]},"5":{"line":44,"type":"binary-expr","locations":[{"start":{"line":44,"column":16},"end":{"line":44,"column":44}},{"start":{"line":44,"column":48},"end":{"line":44,"column":66}}]},"6":{"line":50,"type":"binary-expr","locations":[{"start":{"line":50,"column":21},"end":{"line":50,"column":49}},{"start":{"line":50,"column":53},"end":{"line":50,"column":72}}]},"7":{"line":64,"type":"switch","locations":[{"start":{"line":69,"column":4},"end":{"line":70,"column":14}},{"start":{"line":75,"column":4},"end":{"line":76,"column":14}}]},"8":{"line":85,"type":"switch","locations":[{"start":{"line":90,"column":4},"end":{"line":105,"column":14}},{"start":{"line":111,"column":4},"end":{"line":193,"column":14},"skip":true}]},"9":{"line":91,"type":"binary-expr","locations":[{"start":{"line":91,"column":42},"end":{"line":91,"column":73}},{"start":{"line":91,"column":77},"end":{"line":99,"column":9}}]},"10":{"line":102,"type":"binary-expr","locations":[{"start":{"line":102,"column":18},"end":{"line":102,"column":32}},{"start":{"line":103,"column":12},"end":{"line":103,"column":53}},{"start":{"line":104,"column":12},"end":{"line":104,"column":61}}]},"11":{"line":112,"type":"binary-expr","locations":[{"start":{"line":112,"column":45},"end":{"line":112,"column":79},"skip":true},{"start":{"line":112,"column":83},"end":{"line":121,"column":9},"skip":true}]},"12":{"line":123,"type":"binary-expr","locations":[{"start":{"line":123,"column":42},"end":{"line":123,"column":73},"skip":true},{"start":{"line":123,"column":77},"end":{"line":136,"column":9},"skip":true}]},"13":{"line":138,"type":"binary-expr","locations":[{"start":{"line":138,"column":48},"end":{"line":138,"column":85},"skip":true},{"start":{"line":139,"column":12},"end":{"line":145,"column":13},"skip":true}]},"14":{"line":147,"type":"binary-expr","locations":[{"start":{"line":147,"column":42},"end":{"line":147,"column":73},"skip":true},{"start":{"line":147,"column":77},"end":{"line":156,"column":9},"skip":true}]},"15":{"line":158,"type":"binary-expr","locations":[{"start":{"line":158,"column":45},"end":{"line":158,"column":79},"skip":true},{"start":{"line":158,"column":83},"end":{"line":167,"column":9},"skip":true}]},"16":{"line":169,"type":"binary-expr","locations":[{"start":{"line":169,"column":43},"end":{"line":169,"column":75},"skip":true},{"start":{"line":169,"column":79},"end":{"line":178,"column":9},"skip":true}]},"17":{"line":180,"type":"binary-expr","locations":[{"start":{"line":180,"column":41},"end":{"line":180,"column":71},"skip":true},{"start":{"line":180,"column":75},"end":{"line":189,"column":9},"skip":true}]}},"code":["/* istanbul instrument in package npmtest_rolling_spider */","/*jslint","    bitwise: true,","    browser: true,","    maxerr: 8,","    maxlen: 96,","    node: true,","    nomen: true,","    regexp: true,","    stupid: true","*/","(function () {","    'use strict';","    var local;","","","","    // run shared js-env code - pre-init","    (function () {","        // init local","        local = {};","        // init modeJs","        local.modeJs = (function () {","            try {","                return typeof navigator.userAgent === 'string' &&","                    typeof document.querySelector('body') === 'object' &&","                    typeof XMLHttpRequest.prototype.open === 'function' &&","                    'browser';","            } catch (errorCaughtBrowser) {","                return module.exports &&","                    typeof process.versions.node === 'string' &&","                    typeof require('http').createServer === 'function' &&","                    'node';","            }","        }());","        // init global","        local.global = local.modeJs === 'browser'","            ? window","            : global;","        switch (local.modeJs) {","        // re-init local from window.local","        case 'browser':","            local = local.global.utility2.objectSetDefault(","                local.global.utility2_rollup || local.global.local,","                local.global.utility2","            );","            break;","        // re-init local from example.js","        case 'node':","            local = (local.global.utility2_rollup || require('utility2'))","                .requireExampleJsFromReadme();","            break;","        }","        // export local","        local.global.local = local;","    }());","","","","    // run shared js-env code - function","    (function () {","        return;","    }());","    switch (local.modeJs) {","","","","    // run browser js-env code - function","    case 'browser':","        break;","","","","    // run node js-env code - function","    case 'node':","        break;","    }","","","","    // run shared js-env code - post-init","    (function () {","        return;","    }());","    switch (local.modeJs) {","","","","    // run browser js-env code - post-init","    case 'browser':","        local.testCase_browser_nullCase = local.testCase_browser_nullCase || function (","            options,","            onError","        ) {","        /*","         * this function will test browsers's null-case handling-behavior-behavior","         */","            onError(null, options);","        };","","        // run tests","        local.nop(local.modeTest &&","            document.querySelector('#testRunButton1') &&","            document.querySelector('#testRunButton1').click());","        break;","","","","    // run node js-env code - post-init","    /* istanbul ignore next */","    case 'node':","        local.testCase_buildApidoc_default = local.testCase_buildApidoc_default || function (","            options,","            onError","        ) {","        /*","         * this function will test buildApidoc's default handling-behavior-behavior","         */","            options = { modulePathList: module.paths };","            local.buildApidoc(options, onError);","        };","","        local.testCase_buildApp_default = local.testCase_buildApp_default || function (","            options,","            onError","        ) {","        /*","         * this function will test buildApp's default handling-behavior-behavior","         */","            local.testCase_buildReadme_default(options, local.onErrorThrow);","            local.testCase_buildLib_default(options, local.onErrorThrow);","            local.testCase_buildTest_default(options, local.onErrorThrow);","            local.testCase_buildCustomOrg_default(options, local.onErrorThrow);","            options = [];","            local.buildApp(options, onError);","        };","","        local.testCase_buildCustomOrg_default = local.testCase_buildCustomOrg_default ||","            function (options, onError) {","            /*","             * this function will test buildCustomOrg's default handling-behavior","             */","                options = {};","                local.buildCustomOrg(options, onError);","            };","","        local.testCase_buildLib_default = local.testCase_buildLib_default || function (","            options,","            onError","        ) {","        /*","         * this function will test buildLib's default handling-behavior","         */","            options = {};","            local.buildLib(options, onError);","        };","","        local.testCase_buildReadme_default = local.testCase_buildReadme_default || function (","            options,","            onError","        ) {","        /*","         * this function will test buildReadme's default handling-behavior-behavior","         */","            options = {};","            local.buildReadme(options, onError);","        };","","        local.testCase_buildTest_default = local.testCase_buildTest_default || function (","            options,","            onError","        ) {","        /*","         * this function will test buildTest's default handling-behavior","         */","            options = {};","            local.buildTest(options, onError);","        };","","        local.testCase_webpage_default = local.testCase_webpage_default || function (","            options,","            onError","        ) {","        /*","         * this function will test webpage's default handling-behavior","         */","            options = { modeCoverageMerge: true, url: local.serverLocalHost + '?modeTest=1' };","            local.browserTest(options, onError);","        };","","        // run test-server","        local.testRunServer(local);","        break;","    }","}());",""],"l":{"12":2,"14":2,"19":2,"21":2,"23":2,"24":2,"25":2,"30":1,"37":2,"40":2,"43":1,"47":1,"50":1,"52":1,"55":2,"61":2,"62":2,"64":2,"70":1,"76":1,"82":2,"83":2,"85":2,"91":1,"98":1,"102":1,"105":1,"112":1,"119":1,"120":1,"123":1,"130":1,"131":1,"132":1,"133":1,"134":1,"135":1,"138":1,"143":2,"144":2,"147":1,"154":2,"155":2,"158":1,"165":2,"166":2,"169":1,"176":2,"177":2,"180":1,"187":1,"188":1,"192":1,"193":1}},"/home/travis/build/npmtest/node-npmtest-rolling-spider/lib.npmtest_rolling_spider.js":{"path":"/home/travis/build/npmtest/node-npmtest-rolling-spider/lib.npmtest_rolling_spider.js","s":{"1":2,"2":2,"3":2,"4":2,"5":2,"6":2,"7":2,"8":1,"9":2,"10":2,"11":2,"12":2,"13":1,"14":1,"15":1,"16":1},"b":{"1":[2,1,1,1],"2":[1,1,1,1],"3":[1,1],"4":[2,2],"5":[1,1]},"f":{"1":2,"2":2,"3":2},"fnMap":{"1":{"name":"(anonymous_1)","line":12,"loc":{"start":{"line":12,"column":1},"end":{"line":12,"column":13}}},"2":{"name":"(anonymous_2)","line":19,"loc":{"start":{"line":19,"column":5},"end":{"line":19,"column":17}}},"3":{"name":"(anonymous_3)","line":23,"loc":{"start":{"line":23,"column":24},"end":{"line":23,"column":36}}}},"statementMap":{"1":{"start":{"line":12,"column":0},"end":{"line":53,"column":5}},"2":{"start":{"line":14,"column":4},"end":{"line":14,"column":14}},"3":{"start":{"line":19,"column":4},"end":{"line":52,"column":9}},"4":{"start":{"line":21,"column":8},"end":{"line":21,"column":19}},"5":{"start":{"line":23,"column":8},"end":{"line":35,"column":13}},"6":{"start":{"line":24,"column":12},"end":{"line":34,"column":13}},"7":{"start":{"line":25,"column":16},"end":{"line":28,"column":30}},"8":{"start":{"line":30,"column":16},"end":{"line":33,"column":27}},"9":{"start":{"line":37,"column":8},"end":{"line":39,"column":21}},"10":{"start":{"line":41,"column":8},"end":{"line":41,"column":54}},"11":{"start":{"line":43,"column":8},"end":{"line":43,"column":59}},"12":{"start":{"line":45,"column":8},"end":{"line":51,"column":9}},"13":{"start":{"line":46,"column":12},"end":{"line":46,"column":65}},"14":{"start":{"line":48,"column":12},"end":{"line":48,"column":35}},"15":{"start":{"line":49,"column":12},"end":{"line":49,"column":49}},"16":{"start":{"line":50,"column":12},"end":{"line":50,"column":43}}},"branchMap":{"1":{"line":25,"type":"binary-expr","locations":[{"start":{"line":25,"column":23},"end":{"line":25,"column":62}},{"start":{"line":26,"column":20},"end":{"line":26,"column":70}},{"start":{"line":27,"column":20},"end":{"line":27,"column":71}},{"start":{"line":28,"column":20},"end":{"line":28,"column":29}}]},"2":{"line":30,"type":"binary-expr","locations":[{"start":{"line":30,"column":23},"end":{"line":30,"column":37}},{"start":{"line":31,"column":20},"end":{"line":31,"column":61}},{"start":{"line":32,"column":20},"end":{"line":32,"column":70}},{"start":{"line":33,"column":20},"end":{"line":33,"column":26}}]},"3":{"line":37,"type":"cond-expr","locations":[{"start":{"line":38,"column":14},"end":{"line":38,"column":20}},{"start":{"line":39,"column":14},"end":{"line":39,"column":20}}]},"4":{"line":41,"type":"binary-expr","locations":[{"start":{"line":41,"column":16},"end":{"line":41,"column":44}},{"start":{"line":41,"column":48},"end":{"line":41,"column":53}}]},"5":{"line":45,"type":"if","locations":[{"start":{"line":45,"column":8},"end":{"line":45,"column":8}},{"start":{"line":45,"column":8},"end":{"line":45,"column":8}}]}},"code":["/* istanbul instrument in package npmtest_rolling_spider */","/*jslint","    bitwise: true,","    browser: true,","    maxerr: 8,","    maxlen: 96,","    node: true,","    nomen: true,","    regexp: true,","    stupid: true","*/","(function () {","    'use strict';","    var local;","","","","    // run shared js-env code - pre-init","    (function () {","        // init local","        local = {};","        // init modeJs","        local.modeJs = (function () {","            try {","                return typeof navigator.userAgent === 'string' &&","                    typeof document.querySelector('body') === 'object' &&","                    typeof XMLHttpRequest.prototype.open === 'function' &&","                    'browser';","            } catch (errorCaughtBrowser) {","                return module.exports &&","                    typeof process.versions.node === 'string' &&","                    typeof require('http').createServer === 'function' &&","                    'node';","            }","        }());","        // init global","        local.global = local.modeJs === 'browser'","            ? window","            : global;","        // init utility2_rollup","        local = local.global.utility2_rollup || local;","        // init lib","        local.local = local.npmtest_rolling_spider = local;","        // init exports","        if (local.modeJs === 'browser') {","            local.global.utility2_npmtest_rolling_spider = local;","        } else {","            module.exports = local;","            module.exports.__dirname = __dirname;","            module.exports.module = module;","        }","    }());","}());",""],"l":{"12":2,"14":2,"19":2,"21":2,"23":2,"24":2,"25":2,"30":1,"37":2,"41":2,"43":2,"45":2,"46":1,"48":1,"49":1,"50":1}},"/home/travis/build/npmtest/node-npmtest-rolling-spider/example.js":{"path":"/home/travis/build/npmtest/node-npmtest-rolling-spider/example.js","s":{"1":2,"2":2,"3":2,"4":2,"5":2,"6":2,"7":2,"8":1,"9":2,"10":2,"11":2,"12":2,"13":1,"14":2,"15":2,"16":2,"17":2,"18":2,"19":0,"20":2,"21":1,"22":1,"23":1,"24":1,"25":1,"26":0,"27":0,"28":1,"29":1,"30":2,"31":0,"32":0,"33":0,"34":1,"35":2,"36":2,"37":3,"38":3,"39":3,"40":3,"41":0,"42":3,"43":3,"44":3,"45":1,"46":3,"47":1,"48":1,"49":1,"50":1,"51":1,"52":1,"53":1,"54":1,"55":1,"56":1,"57":0,"58":1,"59":6,"60":6,"61":1,"62":2,"63":0,"64":2,"65":1,"66":1,"67":0,"68":0,"69":0,"70":0,"71":0,"72":0,"73":0,"74":0,"75":0,"76":0,"77":0,"78":0,"79":0,"80":0,"81":0,"82":0,"83":0},"b":{"1":[2,1,1,1],"2":[1,1,1,1],"3":[1,1],"4":[2,2],"5":[1,1],"6":[1,1],"7":[2,0],"8":[2,1,1,1,1,1],"9":[0,2,0],"10":[1,1],"11":[2,1,1],"12":[1,0],"13":[0,2],"14":[2,0,0,0,0,0,0],"15":[0,3],"16":[3,0],"17":[1,1],"18":[0,1],"19":[1,2,0,2],"20":[1,0],"21":[1,1],"22":[0,0],"23":[0,0],"24":[0,0],"25":[0,0],"26":[0,0],"27":[0,0],"28":[0,0]},"f":{"1":2,"2":2,"3":2,"4":2,"5":2,"6":2,"7":3,"8":3,"9":3,"10":1,"11":6,"12":0},"fnMap":{"1":{"name":"(anonymous_1)","line":26,"loc":{"start":{"line":26,"column":1},"end":{"line":26,"column":13}}},"2":{"name":"(anonymous_2)","line":33,"loc":{"start":{"line":33,"column":5},"end":{"line":33,"column":17}}},"3":{"name":"(anonymous_3)","line":37,"loc":{"start":{"line":37,"column":24},"end":{"line":37,"column":36}}},"4":{"name":"(anonymous_4)","line":69,"loc":{"start":{"line":69,"column":31},"end":{"line":69,"column":48}},"skip":true},"5":{"name":"(anonymous_5)","line":78,"loc":{"start":{"line":78,"column":26},"end":{"line":78,"column":45}},"skip":true},"6":{"name":"(anonymous_6)","line":123,"loc":{"start":{"line":123,"column":33},"end":{"line":123,"column":48}},"skip":true},"7":{"name":"(anonymous_7)","line":125,"loc":{"start":{"line":125,"column":27},"end":{"line":125,"column":39}},"skip":true},"8":{"name":"(anonymous_8)","line":133,"loc":{"start":{"line":133,"column":59},"end":{"line":133,"column":74}},"skip":true},"9":{"name":"(anonymous_9)","line":143,"loc":{"start":{"line":143,"column":45},"end":{"line":143,"column":62}},"skip":true},"10":{"name":"(anonymous_10)","line":144,"loc":{"start":{"line":144,"column":73},"end":{"line":144,"column":92}},"skip":true},"11":{"name":"(anonymous_11)","line":272,"loc":{"start":{"line":272,"column":51},"end":{"line":272,"column":77}},"skip":true},"12":{"name":"(anonymous_12)","line":315,"loc":{"start":{"line":315,"column":32},"end":{"line":315,"column":61}},"skip":true}},"statementMap":{"1":{"start":{"line":26,"column":0},"end":{"line":326,"column":5}},"2":{"start":{"line":28,"column":4},"end":{"line":28,"column":14}},"3":{"start":{"line":33,"column":4},"end":{"line":60,"column":9}},"4":{"start":{"line":35,"column":8},"end":{"line":35,"column":19}},"5":{"start":{"line":37,"column":8},"end":{"line":49,"column":13}},"6":{"start":{"line":38,"column":12},"end":{"line":48,"column":13}},"7":{"start":{"line":39,"column":16},"end":{"line":42,"column":30}},"8":{"start":{"line":44,"column":16},"end":{"line":47,"column":27}},"9":{"start":{"line":51,"column":8},"end":{"line":53,"column":21}},"10":{"start":{"line":55,"column":8},"end":{"line":57,"column":45}},"11":{"start":{"line":59,"column":8},"end":{"line":59,"column":35}},"12":{"start":{"line":61,"column":4},"end":{"line":325,"column":5}},"13":{"start":{"line":69,"column":8},"end":{"line":121,"column":10},"skip":true},"14":{"start":{"line":70,"column":12},"end":{"line":88,"column":13},"skip":true},"15":{"start":{"line":76,"column":16},"end":{"line":87,"column":19},"skip":true},"16":{"start":{"line":79,"column":20},"end":{"line":86,"column":21},"skip":true},"17":{"start":{"line":82,"column":24},"end":{"line":82,"column":43},"skip":true},"18":{"start":{"line":83,"column":24},"end":{"line":83,"column":30},"skip":true},"19":{"start":{"line":85,"column":24},"end":{"line":85,"column":49},"skip":true},"20":{"start":{"line":89,"column":12},"end":{"line":107,"column":13},"skip":true},"21":{"start":{"line":92,"column":16},"end":{"line":102,"column":17},"skip":true},"22":{"start":{"line":93,"column":20},"end":{"line":93,"column":86},"skip":true},"23":{"start":{"line":94,"column":20},"end":{"line":95,"column":45},"skip":true},"24":{"start":{"line":96,"column":20},"end":{"line":96,"column":42},"skip":true},"25":{"start":{"line":97,"column":20},"end":{"line":97,"column":48},"skip":true},"26":{"start":{"line":100,"column":20},"end":{"line":100,"column":85},"skip":true},"27":{"start":{"line":101,"column":20},"end":{"line":101,"column":96},"skip":true},"28":{"start":{"line":103,"column":16},"end":{"line":103,"column":22},"skip":true},"29":{"start":{"line":106,"column":16},"end":{"line":106,"column":22},"skip":true},"30":{"start":{"line":108,"column":12},"end":{"line":120,"column":13},"skip":true},"31":{"start":{"line":114,"column":16},"end":{"line":119,"column":17},"skip":true},"32":{"start":{"line":116,"column":20},"end":{"line":116,"column":78},"skip":true},"33":{"start":{"line":118,"column":20},"end":{"line":118,"column":47},"skip":true},"34":{"start":{"line":123,"column":8},"end":{"line":141,"column":11},"skip":true},"35":{"start":{"line":124,"column":12},"end":{"line":124,"column":54},"skip":true},"36":{"start":{"line":125,"column":12},"end":{"line":140,"column":14},"skip":true},"37":{"start":{"line":126,"column":16},"end":{"line":126,"column":28},"skip":true},"38":{"start":{"line":127,"column":16},"end":{"line":127,"column":69},"skip":true},"39":{"start":{"line":128,"column":16},"end":{"line":128,"column":75},"skip":true},"40":{"start":{"line":129,"column":16},"end":{"line":131,"column":17},"skip":true},"41":{"start":{"line":130,"column":20},"end":{"line":130,"column":27},"skip":true},"42":{"start":{"line":133,"column":16},"end":{"line":137,"column":36},"skip":true},"43":{"start":{"line":134,"column":20},"end":{"line":136,"column":55},"skip":true},"44":{"start":{"line":139,"column":16},"end":{"line":139,"column":57},"skip":true},"45":{"start":{"line":143,"column":8},"end":{"line":147,"column":11},"skip":true},"46":{"start":{"line":144,"column":12},"end":{"line":146,"column":15},"skip":true},"47":{"start":{"line":145,"column":16},"end":{"line":145,"column":70},"skip":true},"48":{"start":{"line":149,"column":8},"end":{"line":149,"column":31},"skip":true},"49":{"start":{"line":150,"column":8},"end":{"line":150,"column":14},"skip":true},"50":{"start":{"line":158,"column":8},"end":{"line":158,"column":31},"skip":true},"51":{"start":{"line":160,"column":8},"end":{"line":160,"column":33},"skip":true},"52":{"start":{"line":161,"column":8},"end":{"line":161,"column":37},"skip":true},"53":{"start":{"line":162,"column":8},"end":{"line":162,"column":35},"skip":true},"54":{"start":{"line":164,"column":8},"end":{"line":164,"column":50},"skip":true},"55":{"start":{"line":166,"column":8},"end":{"line":256,"column":2},"skip":true},"56":{"start":{"line":258,"column":8},"end":{"line":286,"column":9},"skip":true},"57":{"start":{"line":259,"column":12},"end":{"line":269,"column":14},"skip":true},"58":{"start":{"line":271,"column":12},"end":{"line":285,"column":19},"skip":true},"59":{"start":{"line":274,"column":20},"end":{"line":274,"column":35},"skip":true},"60":{"start":{"line":275,"column":20},"end":{"line":284,"column":21},"skip":true},"61":{"start":{"line":277,"column":24},"end":{"line":277,"column":64},"skip":true},"62":{"start":{"line":279,"column":24},"end":{"line":279,"column":40},"skip":true},"63":{"start":{"line":281,"column":24},"end":{"line":281,"column":40},"skip":true},"64":{"start":{"line":283,"column":24},"end":{"line":283,"column":39},"skip":true},"65":{"start":{"line":288,"column":8},"end":{"line":290,"column":9},"skip":true},"66":{"start":{"line":289,"column":12},"end":{"line":289,"column":18},"skip":true},"67":{"start":{"line":291,"column":8},"end":{"line":293,"column":54},"skip":true},"68":{"start":{"line":296,"column":8},"end":{"line":301,"column":37},"skip":true},"69":{"start":{"line":303,"column":8},"end":{"line":303,"column":82},"skip":true},"70":{"start":{"line":306,"column":8},"end":{"line":308,"column":9},"skip":true},"71":{"start":{"line":307,"column":12},"end":{"line":307,"column":82},"skip":true},"72":{"start":{"line":310,"column":8},"end":{"line":312,"column":9},"skip":true},"73":{"start":{"line":311,"column":12},"end":{"line":311,"column":18},"skip":true},"74":{"start":{"line":313,"column":8},"end":{"line":313,"column":54},"skip":true},"75":{"start":{"line":314,"column":8},"end":{"line":314,"column":69},"skip":true},"76":{"start":{"line":315,"column":8},"end":{"line":323,"column":36},"skip":true},"77":{"start":{"line":316,"column":12},"end":{"line":316,"column":61},"skip":true},"78":{"start":{"line":317,"column":12},"end":{"line":320,"column":13},"skip":true},"79":{"start":{"line":318,"column":16},"end":{"line":318,"column":75},"skip":true},"80":{"start":{"line":319,"column":16},"end":{"line":319,"column":23},"skip":true},"81":{"start":{"line":321,"column":12},"end":{"line":321,"column":38},"skip":true},"82":{"start":{"line":322,"column":12},"end":{"line":322,"column":27},"skip":true},"83":{"start":{"line":324,"column":8},"end":{"line":324,"column":14},"skip":true}},"branchMap":{"1":{"line":39,"type":"binary-expr","locations":[{"start":{"line":39,"column":23},"end":{"line":39,"column":62}},{"start":{"line":40,"column":20},"end":{"line":40,"column":70}},{"start":{"line":41,"column":20},"end":{"line":41,"column":71}},{"start":{"line":42,"column":20},"end":{"line":42,"column":29}}]},"2":{"line":44,"type":"binary-expr","locations":[{"start":{"line":44,"column":23},"end":{"line":44,"column":37}},{"start":{"line":45,"column":20},"end":{"line":45,"column":61}},{"start":{"line":46,"column":20},"end":{"line":46,"column":70}},{"start":{"line":47,"column":20},"end":{"line":47,"column":26}}]},"3":{"line":51,"type":"cond-expr","locations":[{"start":{"line":52,"column":14},"end":{"line":52,"column":20}},{"start":{"line":53,"column":14},"end":{"line":53,"column":20}}]},"4":{"line":55,"type":"binary-expr","locations":[{"start":{"line":55,"column":16},"end":{"line":55,"column":44}},{"start":{"line":55,"column":49},"end":{"line":57,"column":43}}]},"5":{"line":55,"type":"cond-expr","locations":[{"start":{"line":56,"column":14},"end":{"line":56,"column":58}},{"start":{"line":57,"column":14},"end":{"line":57,"column":43}}]},"6":{"line":61,"type":"switch","locations":[{"start":{"line":68,"column":4},"end":{"line":150,"column":14},"skip":true},{"start":{"line":156,"column":4},"end":{"line":324,"column":14},"skip":true}]},"7":{"line":70,"type":"if","locations":[{"start":{"line":70,"column":12},"end":{"line":70,"column":12},"skip":true},{"start":{"line":70,"column":12},"end":{"line":70,"column":12},"skip":true}]},"8":{"line":70,"type":"binary-expr","locations":[{"start":{"line":70,"column":16},"end":{"line":70,"column":22},"skip":true},{"start":{"line":70,"column":27},"end":{"line":70,"column":32},"skip":true},{"start":{"line":71,"column":20},"end":{"line":71,"column":39},"skip":true},{"start":{"line":72,"column":20},"end":{"line":72,"column":49},"skip":true},{"start":{"line":73,"column":20},"end":{"line":73,"column":58},"skip":true},{"start":{"line":74,"column":20},"end":{"line":74,"column":69},"skip":true}]},"9":{"line":79,"type":"switch","locations":[{"start":{"line":80,"column":20},"end":{"line":80,"column":33},"skip":true},{"start":{"line":81,"column":20},"end":{"line":83,"column":30},"skip":true},{"start":{"line":84,"column":20},"end":{"line":85,"column":49},"skip":true}]},"10":{"line":89,"type":"switch","locations":[{"start":{"line":90,"column":12},"end":{"line":103,"column":22},"skip":true},{"start":{"line":105,"column":12},"end":{"line":106,"column":22},"skip":true}]},"11":{"line":89,"type":"binary-expr","locations":[{"start":{"line":89,"column":20},"end":{"line":89,"column":25},"skip":true},{"start":{"line":89,"column":29},"end":{"line":89,"column":48},"skip":true},{"start":{"line":89,"column":52},"end":{"line":89,"column":74},"skip":true}]},"12":{"line":92,"type":"if","locations":[{"start":{"line":92,"column":16},"end":{"line":92,"column":16},"skip":true},{"start":{"line":92,"column":16},"end":{"line":92,"column":16},"skip":true}]},"13":{"line":108,"type":"if","locations":[{"start":{"line":108,"column":12},"end":{"line":108,"column":12},"skip":true},{"start":{"line":108,"column":12},"end":{"line":108,"column":12},"skip":true}]},"14":{"line":108,"type":"binary-expr","locations":[{"start":{"line":108,"column":16},"end":{"line":108,"column":61},"skip":true},{"start":{"line":108,"column":66},"end":{"line":108,"column":72},"skip":true},{"start":{"line":108,"column":77},"end":{"line":108,"column":82},"skip":true},{"start":{"line":109,"column":20},"end":{"line":109,"column":39},"skip":true},{"start":{"line":110,"column":20},"end":{"line":110,"column":49},"skip":true},{"start":{"line":111,"column":20},"end":{"line":111,"column":58},"skip":true},{"start":{"line":112,"column":20},"end":{"line":112,"column":68},"skip":true}]},"15":{"line":129,"type":"if","locations":[{"start":{"line":129,"column":16},"end":{"line":129,"column":16},"skip":true},{"start":{"line":129,"column":16},"end":{"line":129,"column":16},"skip":true}]},"16":{"line":134,"type":"cond-expr","locations":[{"start":{"line":135,"column":26},"end":{"line":135,"column":29},"skip":true},{"start":{"line":136,"column":26},"end":{"line":136,"column":54},"skip":true}]},"17":{"line":164,"type":"binary-expr","locations":[{"start":{"line":164,"column":27},"end":{"line":164,"column":43},"skip":true},{"start":{"line":164,"column":47},"end":{"line":164,"column":49},"skip":true}]},"18":{"line":258,"type":"if","locations":[{"start":{"line":258,"column":8},"end":{"line":258,"column":8},"skip":true},{"start":{"line":258,"column":8},"end":{"line":258,"column":8},"skip":true}]},"19":{"line":275,"type":"switch","locations":[{"start":{"line":276,"column":20},"end":{"line":277,"column":64},"skip":true},{"start":{"line":278,"column":20},"end":{"line":279,"column":40},"skip":true},{"start":{"line":280,"column":20},"end":{"line":281,"column":40},"skip":true},{"start":{"line":282,"column":20},"end":{"line":283,"column":39},"skip":true}]},"20":{"line":288,"type":"if","locations":[{"start":{"line":288,"column":8},"end":{"line":288,"column":8},"skip":true},{"start":{"line":288,"column":8},"end":{"line":288,"column":8},"skip":true}]},"21":{"line":288,"type":"binary-expr","locations":[{"start":{"line":288,"column":12},"end":{"line":288,"column":40},"skip":true},{"start":{"line":288,"column":44},"end":{"line":288,"column":67},"skip":true}]},"22":{"line":292,"type":"binary-expr","locations":[{"start":{"line":292,"column":12},"end":{"line":292,"column":50},"skip":true},{"start":{"line":293,"column":12},"end":{"line":293,"column":53},"skip":true}]},"23":{"line":297,"type":"binary-expr","locations":[{"start":{"line":297,"column":12},"end":{"line":297,"column":72},"skip":true},{"start":{"line":298,"column":12},"end":{"line":301,"column":36},"skip":true}]},"24":{"line":303,"type":"binary-expr","locations":[{"start":{"line":303,"column":43},"end":{"line":303,"column":75},"skip":true},{"start":{"line":303,"column":79},"end":{"line":303,"column":81},"skip":true}]},"25":{"line":306,"type":"if","locations":[{"start":{"line":306,"column":8},"end":{"line":306,"column":8},"skip":true},{"start":{"line":306,"column":8},"end":{"line":306,"column":8},"skip":true}]},"26":{"line":310,"type":"if","locations":[{"start":{"line":310,"column":8},"end":{"line":310,"column":8},"skip":true},{"start":{"line":310,"column":8},"end":{"line":310,"column":8},"skip":true}]},"27":{"line":313,"type":"binary-expr","locations":[{"start":{"line":313,"column":27},"end":{"line":313,"column":43},"skip":true},{"start":{"line":313,"column":47},"end":{"line":313,"column":53},"skip":true}]},"28":{"line":317,"type":"if","locations":[{"start":{"line":317,"column":12},"end":{"line":317,"column":12},"skip":true},{"start":{"line":317,"column":12},"end":{"line":317,"column":12},"skip":true}]}},"code":["/*","example.js","","quickstart example","","instruction","    1. save this script as example.js","    2. run the shell command:","        $ npm install npmtest-rolling-spider && PORT=8081 node example.js","    3. play with the browser-demo on http://127.0.0.1:8081","*/","","","","/* istanbul instrument in package npmtest_rolling_spider */","/*jslint","    bitwise: true,","    browser: true,","    maxerr: 8,","    maxlen: 96,","    node: true,","    nomen: true,","    regexp: true,","    stupid: true","*/","(function () {","    'use strict';","    var local;","","","","    // run shared js-env code - pre-init","    (function () {","        // init local","        local = {};","        // init modeJs","        local.modeJs = (function () {","            try {","                return typeof navigator.userAgent === 'string' &&","                    typeof document.querySelector('body') === 'object' &&","                    typeof XMLHttpRequest.prototype.open === 'function' &&","                    'browser';","            } catch (errorCaughtBrowser) {","                return module.exports &&","                    typeof process.versions.node === 'string' &&","                    typeof require('http').createServer === 'function' &&","                    'node';","            }","        }());","        // init global","        local.global = local.modeJs === 'browser'","            ? window","            : global;","        // init utility2_rollup","        local = local.global.utility2_rollup || (local.modeJs === 'browser'","            ? local.global.utility2_npmtest_rolling_spider","            : global.utility2_moduleExports);","        // export local","        local.global.local = local;","    }());","    switch (local.modeJs) {","","","","    // post-init","    // run browser js-env code - post-init","    /* istanbul ignore next */","    case 'browser':","        local.testRunBrowser = function (event) {","            if (!event || (event &&","                    event.currentTarget &&","                    event.currentTarget.className &&","                    event.currentTarget.className.includes &&","                    event.currentTarget.className.includes('onreset'))) {","                // reset output","                Array.from(","                    document.querySelectorAll('body > .resettable')","                ).forEach(function (element) {","                    switch (element.tagName) {","                    case 'INPUT':","                    case 'TEXTAREA':","                        element.value = '';","                        break;","                    default:","                        element.textContent = '';","                    }","                });","            }","            switch (event && event.currentTarget && event.currentTarget.id) {","            case 'testRunButton1':","                // show tests","                if (document.querySelector('#testReportDiv1').style.display === 'none') {","                    document.querySelector('#testReportDiv1').style.display = 'block';","                    document.querySelector('#testRunButton1').textContent =","                        'hide internal test';","                    local.modeTest = true;","                    local.testRunDefault(local);","                // hide tests","                } else {","                    document.querySelector('#testReportDiv1').style.display = 'none';","                    document.querySelector('#testRunButton1').textContent = 'run internal test';","                }","                break;","            // custom-case","            default:","                break;","            }","            if (document.querySelector('#inputTextareaEval1') && (!event || (event &&","                    event.currentTarget &&","                    event.currentTarget.className &&","                    event.currentTarget.className.includes &&","                    event.currentTarget.className.includes('oneval')))) {","                // try to eval input-code","                try {","                    /*jslint evil: true*/","                    eval(document.querySelector('#inputTextareaEval1').value);","                } catch (errorCaught) {","                    console.error(errorCaught);","                }","            }","        };","        // log stderr and stdout to #outputTextareaStdout1","        ['error', 'log'].forEach(function (key) {","            console[key + '_original'] = console[key];","            console[key] = function () {","                var element;","                console[key + '_original'].apply(console, arguments);","                element = document.querySelector('#outputTextareaStdout1');","                if (!element) {","                    return;","                }","                // append text to #outputTextareaStdout1","                element.value += Array.from(arguments).map(function (arg) {","                    return typeof arg === 'string'","                        ? arg","                        : JSON.stringify(arg, null, 4);","                }).join(' ') + '\\n';","                // scroll textarea to bottom","                element.scrollTop = element.scrollHeight;","            };","        });","        // init event-handling","        ['change', 'click', 'keyup'].forEach(function (event) {","            Array.from(document.querySelectorAll('.on' + event)).forEach(function (element) {","                element.addEventListener(event, local.testRunBrowser);","            });","        });","        // run tests","        local.testRunBrowser();","        break;","","","","    // run node js-env code - post-init","    /* istanbul ignore next */","    case 'node':","        // export local","        module.exports = local;","        // require modules","        local.fs = require('fs');","        local.http = require('http');","        local.url = require('url');","        // init assets","        local.assetsDict = local.assetsDict || {};","        /* jslint-ignore-begin */","        local.assetsDict['/assets.index.template.html'] = '\\","<!doctype html>\\n\\","<html lang=\"en\">\\n\\","<head>\\n\\","<meta charset=\"UTF-8\">\\n\\","<meta name=\"viewport\" content=\"width=device-width, initial-scale=1\">\\n\\","<title>{{env.npm_package_name}} (v{{env.npm_package_version}})</title>\\n\\","<style>\\n\\","/*csslint\\n\\","    box-sizing: false,\\n\\","    universal-selector: false\\n\\","*/\\n\\","* {\\n\\","    box-sizing: border-box;\\n\\","}\\n\\","body {\\n\\","    background: #dde;\\n\\","    font-family: Arial, Helvetica, sans-serif;\\n\\","    margin: 2rem;\\n\\","}\\n\\","body > * {\\n\\","    margin-bottom: 1rem;\\n\\","}\\n\\",".utility2FooterDiv {\\n\\","    margin-top: 20px;\\n\\","    text-align: center;\\n\\","}\\n\\","</style>\\n\\","<style>\\n\\","/*csslint\\n\\","*/\\n\\","textarea {\\n\\","    font-family: monospace;\\n\\","    height: 10rem;\\n\\","    width: 100%;\\n\\","}\\n\\","textarea[readonly] {\\n\\","    background: #ddd;\\n\\","}\\n\\","</style>\\n\\","</head>\\n\\","<body>\\n\\","<!-- utility2-comment\\n\\","<div id=\"ajaxProgressDiv1\" style=\"background: #d00; height: 2px; left: 0; margin: 0; padding: 0; position: fixed; top: 0; transition: background 0.5s, width 1.5s; width: 25%;\"></div>\\n\\","utility2-comment -->\\n\\","<h1>\\n\\","<!-- utility2-comment\\n\\","    <a\\n\\","        {{#if env.npm_package_homepage}}\\n\\","        href=\"{{env.npm_package_homepage}}\"\\n\\","        {{/if env.npm_package_homepage}}\\n\\","        target=\"_blank\"\\n\\","    >\\n\\","utility2-comment -->\\n\\","        {{env.npm_package_name}} (v{{env.npm_package_version}})\\n\\","<!-- utility2-comment\\n\\","    </a>\\n\\","utility2-comment -->\\n\\","</h1>\\n\\","<h3>{{env.npm_package_description}}</h3>\\n\\","<!-- utility2-comment\\n\\","<h4><a download href=\"assets.app.js\">download standalone app</a></h4>\\n\\","<button class=\"onclick onreset\" id=\"testRunButton1\">run internal test</button><br>\\n\\","<div id=\"testReportDiv1\" style=\"display: none;\"></div>\\n\\","utility2-comment -->\\n\\","\\n\\","\\n\\","\\n\\","<label>stderr and stdout</label>\\n\\","<textarea class=\"resettable\" id=\"outputTextareaStdout1\" readonly></textarea>\\n\\","<!-- utility2-comment\\n\\","{{#if isRollup}}\\n\\","<script src=\"assets.app.js\"></script>\\n\\","{{#unless isRollup}}\\n\\","utility2-comment -->\\n\\","<script src=\"assets.utility2.rollup.js\"></script>\\n\\","<script src=\"jsonp.utility2._stateInit?callback=window.utility2._stateInit\"></script>\\n\\","<script src=\"assets.npmtest_rolling_spider.rollup.js\"></script>\\n\\","<script src=\"assets.example.js\"></script>\\n\\","<script src=\"assets.test.js\"></script>\\n\\","<!-- utility2-comment\\n\\","{{/if isRollup}}\\n\\","utility2-comment -->\\n\\","<div class=\"utility2FooterDiv\">\\n\\","    [ this app was created with\\n\\","    <a href=\"https://github.com/kaizhu256/node-utility2\" target=\"_blank\">utility2</a>\\n\\","    ]\\n\\","</div>\\n\\","</body>\\n\\","</html>\\n\\","';","        /* jslint-ignore-end */","        if (local.templateRender) {","            local.assetsDict['/'] = local.templateRender(","                local.assetsDict['/assets.index.template.html'],","                {","                    env: local.objectSetDefault(local.env, {","                        npm_package_description: 'the greatest app in the world!',","                        npm_package_name: 'my-app',","                        npm_package_nameAlias: 'my_app',","                        npm_package_version: '0.0.1'","                    })","                }","            );","        } else {","            local.assetsDict['/'] = local.assetsDict['/assets.index.template.html']","                .replace((/\\{\\{env\\.(\\w+?)\\}\\}/g), function (match0, match1) {","                    // jslint-hack","                    String(match0);","                    switch (match1) {","                    case 'npm_package_description':","                        return 'the greatest app in the world!';","                    case 'npm_package_name':","                        return 'my-app';","                    case 'npm_package_nameAlias':","                        return 'my_app';","                    case 'npm_package_version':","                        return '0.0.1';","                    }","                });","        }","        // run the cli","        if (local.global.utility2_rollup || module !== require.main) {","            break;","        }","        local.assetsDict['/assets.example.js'] =","            local.assetsDict['/assets.example.js'] ||","            local.fs.readFileSync(__filename, 'utf8');","        // bug-workaround - long $npm_package_buildCustomOrg","        /* jslint-ignore-begin */","        local.assetsDict['/assets.npmtest_rolling_spider.rollup.js'] =","            local.assetsDict['/assets.npmtest_rolling_spider.rollup.js'] ||","            local.fs.readFileSync(","                local.npmtest_rolling_spider.__dirname + '/lib.npmtest_rolling_spider.js',","                'utf8'","            ).replace((/^#!/), '//');","        /* jslint-ignore-end */","        local.assetsDict['/favicon.ico'] = local.assetsDict['/favicon.ico'] || '';","        // if $npm_config_timeout_exit exists,","        // then exit this process after $npm_config_timeout_exit ms","        if (Number(process.env.npm_config_timeout_exit)) {","            setTimeout(process.exit, Number(process.env.npm_config_timeout_exit));","        }","        // start server","        if (local.global.utility2_serverHttp1) {","            break;","        }","        process.env.PORT = process.env.PORT || '8081';","        console.error('server starting on port ' + process.env.PORT);","        local.http.createServer(function (request, response) {","            request.urlParsed = local.url.parse(request.url);","            if (local.assetsDict[request.urlParsed.pathname] !== undefined) {","                response.end(local.assetsDict[request.urlParsed.pathname]);","                return;","            }","            response.statusCode = 404;","            response.end();","        }).listen(process.env.PORT);","        break;","    }","}());",""],"l":{"26":2,"28":2,"33":2,"35":2,"37":2,"38":2,"39":2,"44":1,"51":2,"55":2,"59":2,"61":2,"69":1,"70":2,"76":2,"79":2,"82":2,"83":2,"85":1,"89":2,"92":1,"93":1,"94":1,"96":1,"97":1,"100":1,"101":1,"103":1,"106":1,"108":2,"114":1,"116":1,"118":1,"123":1,"124":2,"125":2,"126":3,"127":3,"128":3,"129":3,"130":1,"133":3,"134":3,"139":3,"143":1,"144":3,"145":1,"149":1,"150":1,"158":1,"160":1,"161":1,"162":1,"164":1,"166":1,"258":1,"259":1,"271":1,"274":6,"275":6,"277":1,"279":2,"281":1,"283":2,"288":1,"289":1,"291":1,"296":1,"303":1,"306":1,"307":1,"310":1,"311":1,"313":1,"314":1,"315":1,"316":1,"317":1,"318":1,"319":1,"321":1,"322":1,"324":1}},"/home/travis/build/npmtest/node-npmtest-rolling-spider/node_modules/rolling-spider/index.js":{"path":"/home/travis/build/npmtest/node-npmtest-rolling-spider/node_modules/rolling-spider/index.js","s":{"1":1,"2":1},"b":{},"f":{},"fnMap":{},"statementMap":{"1":{"start":{"line":1,"column":0},"end":{"line":1,"column":40}},"2":{"start":{"line":2,"column":0},"end":{"line":2,"column":46}}},"branchMap":{},"code":["module.exports = require('./lib/drone');","module.exports.Swarm = require('./lib/swarm');",""],"l":{"1":1,"2":1}},"/home/travis/build/npmtest/node-npmtest-rolling-spider/node_modules/rolling-spider/lib/drone.js":{"path":"/home/travis/build/npmtest/node-npmtest-rolling-spider/node_modules/rolling-spider/lib/drone.js","s":{"1":1,"2":1,"3":1,"4":1,"5":1,"6":1,"7":2,"8":2,"9":2,"10":2,"11":2,"12":2,"13":0,"14":2,"15":2,"16":2,"17":2,"18":2,"19":2,"20":2,"21":2,"22":2,"23":2,"24":2,"25":2,"26":0,"27":1,"28":1,"29":0,"30":0,"31":0,"32":0,"33":0,"34":0,"35":0,"36":0,"37":0,"38":0,"39":1,"40":0,"41":1,"42":2,"43":2,"44":0,"45":2,"46":0,"47":0,"48":0,"49":0,"50":0,"51":0,"52":0,"53":0,"54":0,"55":0,"56":0,"57":0,"58":0,"59":0,"60":0,"61":0,"62":0,"63":0,"64":0,"65":0,"66":0,"67":0,"68":0,"69":0,"70":0,"71":0,"72":0,"73":0,"74":0,"75":0,"76":0,"77":0,"78":2,"79":0,"80":0,"81":2,"82":2,"83":0,"84":0,"85":0,"86":0,"87":0,"88":0,"89":0,"90":1,"91":0,"92":0,"93":0,"94":0,"95":0,"96":0,"97":0,"98":0,"99":1,"100":0,"101":0,"102":0,"103":0,"104":0,"105":0,"106":0,"107":0,"108":1,"109":0,"110":0,"111":0,"112":0,"113":0,"114":0,"115":0,"116":0,"117":0,"118":0,"119":0,"120":0,"121":0,"122":0,"123":0,"124":0,"125":0,"126":0,"127":0,"128":0,"129":0,"130":0,"131":0,"132":0,"133":0,"134":0,"135":0,"136":0,"137":0,"138":1,"139":0,"140":0,"141":0,"142":1,"143":0,"144":0,"145":0,"146":0,"147":0,"148":0,"149":0,"150":0,"151":1,"152":0,"153":0,"154":0,"155":0,"156":0,"157":0,"158":0,"159":0,"160":1,"161":0,"162":0,"163":0,"164":0,"165":0,"166":0,"167":0,"168":0,"169":1,"170":0,"171":0,"172":0,"173":0,"174":0,"175":0,"176":0,"177":0,"178":0,"179":0,"180":0,"181":0,"182":0,"183":0,"184":0,"185":0,"186":0,"187":0,"188":0,"189":0,"190":0,"191":0,"192":0,"193":1,"194":0,"195":0,"196":0,"197":0,"198":0,"199":1,"200":0,"201":0,"202":0,"203":0,"204":0,"205":0,"206":0,"207":0,"208":0,"209":0,"210":0,"211":1,"212":0,"213":0,"214":0,"215":0,"216":0,"217":0,"218":0,"219":0,"220":0,"221":0,"222":0,"223":0,"224":0,"225":1,"226":0,"227":0,"228":0,"229":0,"230":0,"231":0,"232":0,"233":1,"234":0,"235":0,"236":0,"237":0,"238":0,"239":0,"240":0,"241":1,"242":0,"243":0,"244":0,"245":0,"246":0,"247":0,"248":0,"249":0,"250":0,"251":0,"252":0,"253":0,"254":0,"255":0,"256":1,"257":0,"258":0,"259":0,"260":0,"261":0,"262":0,"263":0,"264":1,"265":0,"266":0,"267":0,"268":0,"269":0,"270":0,"271":1,"272":0,"273":0,"274":0,"275":0,"276":0,"277":1,"278":0,"279":0,"280":0,"281":0,"282":0,"283":0,"284":0,"285":0,"286":0,"287":0,"288":0,"289":1,"290":0,"291":0,"292":0,"293":0,"294":0,"295":0,"296":0,"297":0,"298":0,"299":0,"300":0,"301":1,"302":0,"303":0,"304":0,"305":0,"306":0,"307":0,"308":0,"309":0,"310":0,"311":0,"312":0,"313":1,"314":0,"315":0,"316":0,"317":0,"318":0,"319":0,"320":0,"321":0,"322":0,"323":0,"324":0,"325":1,"326":8,"327":8,"328":8,"329":0,"330":0,"331":0,"332":0,"333":0,"334":0,"335":0,"336":0,"337":0,"338":0,"339":0,"340":0,"341":0,"342":0,"343":0,"344":0,"345":0,"346":0,"347":0,"348":0,"349":0,"350":1,"351":1,"352":1,"353":1,"354":1,"355":1,"356":1,"357":1,"358":1,"359":0,"360":0,"361":0,"362":0,"363":0,"364":0,"365":0,"366":0,"367":0,"368":0,"369":1,"370":0,"371":1,"372":0,"373":1,"374":1,"375":1,"376":1,"377":1,"378":1,"379":1,"380":1,"381":1,"382":1,"383":1,"384":1,"385":1,"386":1,"387":1,"388":1,"389":1,"390":1,"391":1,"392":1,"393":1,"394":1,"395":1,"396":1,"397":1,"398":1,"399":1,"400":1,"401":1},"b":{"1":[0,2],"2":[2,2],"3":[2,2],"4":[0,2],"5":[2,0],"6":[2,2],"7":[2,2],"8":[0,0],"9":[0,0],"10":[0,0],"11":[0,0],"12":[0,2],"13":[0,0],"14":[0,0],"15":[0,0],"16":[0,0],"17":[0,0],"18":[0,0],"19":[0,0,0],"20":[0,0],"21":[0,0,0],"22":[0,0],"23":[0,2],"24":[2,2],"25":[0,0],"26":[0,0],"27":[0,0],"28":[0,0],"29":[0,0],"30":[0,0],"31":[0,0],"32":[0,0],"33":[0,0],"34":[0,0],"35":[0,0],"36":[0,0],"37":[0,0],"38":[0,0],"39":[0,0],"40":[0,0],"41":[0,0],"42":[0,0],"43":[0,0],"44":[0,0],"45":[0,0],"46":[0,0],"47":[0,0],"48":[0,0],"49":[0,0],"50":[0,0],"51":[0,0],"52":[0,0],"53":[0,0],"54":[0,0],"55":[0,0],"56":[0,0],"57":[0,0],"58":[0,0],"59":[0,0],"60":[0,0],"61":[0,0],"62":[0,0],"63":[0,0],"64":[0,0],"65":[0,0],"66":[0,0],"67":[0,0],"68":[0,0],"69":[0,0],"70":[0,0],"71":[0,0],"72":[0,0],"73":[0,0],"74":[0,0],"75":[0,0],"76":[0,0],"77":[0,0],"78":[0,0],"79":[0,0],"80":[0,0],"81":[0,0],"82":[0,0],"83":[0,0],"84":[0,0],"85":[0,0],"86":[0,0],"87":[0,0],"88":[0,0],"89":[0,0],"90":[0,0],"91":[8,4],"92":[0,0],"93":[0,0],"94":[0,0],"95":[0,0],"96":[0,0],"97":[0,0],"98":[0,0],"99":[0,0],"100":[0,0],"101":[0,0],"102":[0,0]},"f":{"1":2,"2":0,"3":0,"4":0,"5":0,"6":2,"7":0,"8":0,"9":0,"10":0,"11":0,"12":0,"13":0,"14":0,"15":0,"16":0,"17":0,"18":0,"19":0,"20":0,"21":0,"22":0,"23":0,"24":0,"25":0,"26":0,"27":0,"28":0,"29":0,"30":0,"31":0,"32":0,"33":0,"34":0,"35":0,"36":0,"37":0,"38":0,"39":0,"40":0,"41":0,"42":0,"43":0,"44":8,"45":0,"46":0,"47":0,"48":0},"fnMap":{"1":{"name":"(anonymous_1)","line":22,"loc":{"start":{"line":22,"column":12},"end":{"line":22,"column":30}}},"2":{"name":"(anonymous_2)","line":68,"loc":{"start":{"line":68,"column":25},"end":{"line":68,"column":43}}},"3":{"name":"(anonymous_3)","line":85,"loc":{"start":{"line":85,"column":26},"end":{"line":85,"column":47}}},"4":{"name":"(anonymous_4)","line":109,"loc":{"start":{"line":109,"column":32},"end":{"line":109,"column":47}}},"5":{"name":"(anonymous_5)","line":120,"loc":{"start":{"line":120,"column":21},"end":{"line":120,"column":39}}},"6":{"name":"(anonymous_6)","line":130,"loc":{"start":{"line":130,"column":26},"end":{"line":130,"column":45}}},"7":{"name":"(anonymous_7)","line":136,"loc":{"start":{"line":136,"column":26},"end":{"line":136,"column":47}}},"8":{"name":"(anonymous_8)","line":151,"loc":{"start":{"line":151,"column":22},"end":{"line":151,"column":38}}},"9":{"name":"(anonymous_9)","line":198,"loc":{"start":{"line":198,"column":31},"end":{"line":198,"column":47}}},"10":{"name":"(anonymous_10)","line":214,"loc":{"start":{"line":214,"column":36},"end":{"line":214,"column":70}}},"11":{"name":"(anonymous_11)","line":221,"loc":{"start":{"line":221,"column":35},"end":{"line":221,"column":46}}},"12":{"name":"(anonymous_12)","line":233,"loc":{"start":{"line":233,"column":24},"end":{"line":233,"column":43}}},"13":{"name":"(anonymous_13)","line":235,"loc":{"start":{"line":235,"column":56},"end":{"line":235,"column":99}}},"14":{"name":"(anonymous_14)","line":256,"loc":{"start":{"line":256,"column":28},"end":{"line":256,"column":47}}},"15":{"name":"(anonymous_15)","line":258,"loc":{"start":{"line":258,"column":91},"end":{"line":258,"column":105}}},"16":{"name":"(anonymous_16)","line":264,"loc":{"start":{"line":264,"column":44},"end":{"line":264,"column":75}}},"17":{"name":"(anonymous_17)","line":283,"loc":{"start":{"line":283,"column":44},"end":{"line":283,"column":75}}},"18":{"name":"(anonymous_18)","line":313,"loc":{"start":{"line":313,"column":13},"end":{"line":313,"column":24}}},"19":{"name":"(anonymous_19)","line":318,"loc":{"start":{"line":318,"column":6},"end":{"line":318,"column":22}}},"20":{"name":"(anonymous_20)","line":319,"loc":{"start":{"line":319,"column":19},"end":{"line":319,"column":30}}},"21":{"name":"(anonymous_21)","line":337,"loc":{"start":{"line":337,"column":36},"end":{"line":337,"column":66}}},"22":{"name":"(anonymous_22)","line":338,"loc":{"start":{"line":338,"column":45},"end":{"line":338,"column":57}}},"23":{"name":"(anonymous_23)","line":352,"loc":{"start":{"line":352,"column":26},"end":{"line":352,"column":74}}},"24":{"name":"(anonymous_24)","line":369,"loc":{"start":{"line":369,"column":31},"end":{"line":369,"column":42}}},"25":{"name":"(anonymous_25)","line":396,"loc":{"start":{"line":396,"column":29},"end":{"line":396,"column":48}}},"26":{"name":"(anonymous_26)","line":400,"loc":{"start":{"line":400,"column":31},"end":{"line":400,"column":47}}},"27":{"name":"(anonymous_27)","line":421,"loc":{"start":{"line":421,"column":28},"end":{"line":421,"column":39}}},"28":{"name":"(anonymous_28)","line":424,"loc":{"start":{"line":424,"column":26},"end":{"line":424,"column":37}}},"29":{"name":"(anonymous_29)","line":467,"loc":{"start":{"line":467,"column":33},"end":{"line":467,"column":52}}},"30":{"name":"(anonymous_30)","line":478,"loc":{"start":{"line":478,"column":24},"end":{"line":478,"column":52}}},"31":{"name":"takeOff","line":505,"loc":{"start":{"line":505,"column":0},"end":{"line":505,"column":36}}},"32":{"name":"(anonymous_32)","line":523,"loc":{"start":{"line":523,"column":32},"end":{"line":523,"column":52}}},"33":{"name":"wheelOn","line":540,"loc":{"start":{"line":540,"column":0},"end":{"line":540,"column":36}}},"34":{"name":"wheelOff","line":560,"loc":{"start":{"line":560,"column":0},"end":{"line":560,"column":37}}},"35":{"name":"land","line":579,"loc":{"start":{"line":579,"column":0},"end":{"line":579,"column":33}}},"36":{"name":"(anonymous_36)","line":591,"loc":{"start":{"line":591,"column":34},"end":{"line":591,"column":54}}},"37":{"name":"toggle","line":609,"loc":{"start":{"line":609,"column":0},"end":{"line":609,"column":35}}},"38":{"name":"cutOff","line":625,"loc":{"start":{"line":625,"column":0},"end":{"line":625,"column":35}}},"39":{"name":"flatTrim","line":641,"loc":{"start":{"line":641,"column":0},"end":{"line":641,"column":37}}},"40":{"name":"frontFlip","line":663,"loc":{"start":{"line":663,"column":0},"end":{"line":663,"column":38}}},"41":{"name":"backFlip","line":693,"loc":{"start":{"line":693,"column":0},"end":{"line":693,"column":37}}},"42":{"name":"rightFlip","line":722,"loc":{"start":{"line":722,"column":0},"end":{"line":722,"column":38}}},"43":{"name":"leftFlip","line":753,"loc":{"start":{"line":753,"column":0},"end":{"line":753,"column":37}}},"44":{"name":"driveBuilder","line":776,"loc":{"start":{"line":776,"column":0},"end":{"line":776,"column":34}}},"45":{"name":"(anonymous_45)","line":783,"loc":{"start":{"line":783,"column":9},"end":{"line":783,"column":53}}},"46":{"name":"hover","line":912,"loc":{"start":{"line":912,"column":0},"end":{"line":912,"column":34}}},"47":{"name":"validSpeed","line":936,"loc":{"start":{"line":936,"column":0},"end":{"line":936,"column":27}}},"48":{"name":"getDroneName","line":944,"loc":{"start":{"line":944,"column":0},"end":{"line":944,"column":25}}}},"statementMap":{"1":{"start":{"line":6,"column":0},"end":{"line":6,"column":29}},"2":{"start":{"line":7,"column":0},"end":{"line":7,"column":46}},"3":{"start":{"line":8,"column":0},"end":{"line":8,"column":50}},"4":{"start":{"line":9,"column":0},"end":{"line":9,"column":27}},"5":{"start":{"line":10,"column":0},"end":{"line":10,"column":26}},"6":{"start":{"line":22,"column":0},"end":{"line":71,"column":2}},"7":{"start":{"line":23,"column":2},"end":{"line":23,"column":26}},"8":{"start":{"line":25,"column":2},"end":{"line":25,"column":65}},"9":{"start":{"line":26,"column":2},"end":{"line":26,"column":26}},"10":{"start":{"line":28,"column":2},"end":{"line":28,"column":19}},"11":{"start":{"line":29,"column":2},"end":{"line":29,"column":38}},"12":{"start":{"line":31,"column":2},"end":{"line":33,"column":3}},"13":{"start":{"line":32,"column":4},"end":{"line":32,"column":43}},"14":{"start":{"line":35,"column":2},"end":{"line":35,"column":40}},"15":{"start":{"line":36,"column":2},"end":{"line":36,"column":52}},"16":{"start":{"line":37,"column":2},"end":{"line":37,"column":25}},"17":{"start":{"line":38,"column":2},"end":{"line":38,"column":26}},"18":{"start":{"line":39,"column":2},"end":{"line":39,"column":19}},"19":{"start":{"line":40,"column":2},"end":{"line":40,"column":25}},"20":{"start":{"line":41,"column":2},"end":{"line":41,"column":24}},"21":{"start":{"line":43,"column":2},"end":{"line":43,"column":31}},"22":{"start":{"line":44,"column":2},"end":{"line":49,"column":4}},"23":{"start":{"line":54,"column":2},"end":{"line":58,"column":4}},"24":{"start":{"line":60,"column":2},"end":{"line":64,"column":4}},"25":{"start":{"line":68,"column":2},"end":{"line":70,"column":16}},"26":{"start":{"line":69,"column":4},"end":{"line":69,"column":24}},"27":{"start":{"line":74,"column":0},"end":{"line":74,"column":35}},"28":{"start":{"line":85,"column":0},"end":{"line":116,"column":2}},"29":{"start":{"line":86,"column":2},"end":{"line":88,"column":3}},"30":{"start":{"line":87,"column":4},"end":{"line":87,"column":17}},"31":{"start":{"line":90,"column":2},"end":{"line":90,"column":53}},"32":{"start":{"line":91,"column":2},"end":{"line":91,"column":63}},"33":{"start":{"line":93,"column":2},"end":{"line":101,"column":4}},"34":{"start":{"line":102,"column":2},"end":{"line":106,"column":4}},"35":{"start":{"line":108,"column":2},"end":{"line":109,"column":93}},"36":{"start":{"line":109,"column":49},"end":{"line":109,"column":83}},"37":{"start":{"line":111,"column":2},"end":{"line":112,"column":74}},"38":{"start":{"line":115,"column":2},"end":{"line":115,"column":45}},"39":{"start":{"line":120,"column":0},"end":{"line":122,"column":2}},"40":{"start":{"line":121,"column":2},"end":{"line":121,"column":28}},"41":{"start":{"line":130,"column":0},"end":{"line":211,"column":2}},"42":{"start":{"line":131,"column":2},"end":{"line":131,"column":39}},"43":{"start":{"line":132,"column":2},"end":{"line":134,"column":3}},"44":{"start":{"line":133,"column":4},"end":{"line":133,"column":69}},"45":{"start":{"line":136,"column":2},"end":{"line":191,"column":16}},"46":{"start":{"line":137,"column":4},"end":{"line":137,"column":46}},"47":{"start":{"line":138,"column":4},"end":{"line":138,"column":28}},"48":{"start":{"line":140,"column":4},"end":{"line":140,"column":24}},"49":{"start":{"line":141,"column":4},"end":{"line":141,"column":29}},"50":{"start":{"line":142,"column":4},"end":{"line":142,"column":28}},"51":{"start":{"line":145,"column":4},"end":{"line":145,"column":55}},"52":{"start":{"line":146,"column":4},"end":{"line":146,"column":31}},"53":{"start":{"line":149,"column":4},"end":{"line":149,"column":54}},"54":{"start":{"line":151,"column":4},"end":{"line":167,"column":17}},"55":{"start":{"line":152,"column":6},"end":{"line":156,"column":7}},"56":{"start":{"line":153,"column":8},"end":{"line":153,"column":15}},"57":{"start":{"line":155,"column":8},"end":{"line":155,"column":28}},"58":{"start":{"line":157,"column":6},"end":{"line":166,"column":7}},"59":{"start":{"line":158,"column":8},"end":{"line":160,"column":9}},"60":{"start":{"line":159,"column":10},"end":{"line":159,"column":26}},"61":{"start":{"line":162,"column":8},"end":{"line":162,"column":50}},"62":{"start":{"line":163,"column":8},"end":{"line":163,"column":32}},"63":{"start":{"line":164,"column":8},"end":{"line":164,"column":30}},"64":{"start":{"line":165,"column":8},"end":{"line":165,"column":29}},"65":{"start":{"line":169,"column":4},"end":{"line":169,"column":27}},"66":{"start":{"line":171,"column":4},"end":{"line":174,"column":5}},"67":{"start":{"line":172,"column":6},"end":{"line":172,"column":46}},"68":{"start":{"line":173,"column":6},"end":{"line":173,"column":51}},"69":{"start":{"line":176,"column":4},"end":{"line":190,"column":5}},"70":{"start":{"line":178,"column":6},"end":{"line":184,"column":7}},"71":{"start":{"line":180,"column":8},"end":{"line":180,"column":28}},"72":{"start":{"line":181,"column":8},"end":{"line":181,"column":23}},"73":{"start":{"line":182,"column":13},"end":{"line":184,"column":7}},"74":{"start":{"line":183,"column":8},"end":{"line":183,"column":23}},"75":{"start":{"line":186,"column":6},"end":{"line":189,"column":7}},"76":{"start":{"line":187,"column":8},"end":{"line":187,"column":82}},"77":{"start":{"line":188,"column":8},"end":{"line":188,"column":56}},"78":{"start":{"line":193,"column":2},"end":{"line":210,"column":3}},"79":{"start":{"line":194,"column":4},"end":{"line":194,"column":46}},"80":{"start":{"line":195,"column":4},"end":{"line":195,"column":29}},"81":{"start":{"line":197,"column":4},"end":{"line":197,"column":49}},"82":{"start":{"line":198,"column":4},"end":{"line":209,"column":18}},"83":{"start":{"line":199,"column":6},"end":{"line":208,"column":7}},"84":{"start":{"line":200,"column":8},"end":{"line":200,"column":47}},"85":{"start":{"line":201,"column":8},"end":{"line":201,"column":33}},"86":{"start":{"line":203,"column":8},"end":{"line":203,"column":47}},"87":{"start":{"line":204,"column":8},"end":{"line":204,"column":32}},"88":{"start":{"line":205,"column":8},"end":{"line":207,"column":9}},"89":{"start":{"line":206,"column":10},"end":{"line":206,"column":76}},"90":{"start":{"line":214,"column":0},"end":{"line":224,"column":2}},"91":{"start":{"line":215,"column":2},"end":{"line":215,"column":25}},"92":{"start":{"line":216,"column":2},"end":{"line":216,"column":30}},"93":{"start":{"line":217,"column":2},"end":{"line":217,"column":49}},"94":{"start":{"line":218,"column":2},"end":{"line":218,"column":31}},"95":{"start":{"line":219,"column":2},"end":{"line":219,"column":26}},"96":{"start":{"line":220,"column":2},"end":{"line":220,"column":39}},"97":{"start":{"line":221,"column":2},"end":{"line":223,"column":16}},"98":{"start":{"line":222,"column":4},"end":{"line":222,"column":24}},"99":{"start":{"line":233,"column":0},"end":{"line":247,"column":2}},"100":{"start":{"line":234,"column":2},"end":{"line":234,"column":37}},"101":{"start":{"line":235,"column":2},"end":{"line":246,"column":16}},"102":{"start":{"line":236,"column":4},"end":{"line":245,"column":5}},"103":{"start":{"line":237,"column":6},"end":{"line":239,"column":7}},"104":{"start":{"line":238,"column":8},"end":{"line":238,"column":24}},"105":{"start":{"line":241,"column":6},"end":{"line":241,"column":31}},"106":{"start":{"line":242,"column":6},"end":{"line":242,"column":45}},"107":{"start":{"line":244,"column":6},"end":{"line":244,"column":31}},"108":{"start":{"line":256,"column":0},"end":{"line":327,"column":2}},"109":{"start":{"line":257,"column":2},"end":{"line":257,"column":41}},"110":{"start":{"line":258,"column":2},"end":{"line":261,"column":16}},"111":{"start":{"line":259,"column":4},"end":{"line":259,"column":53}},"112":{"start":{"line":260,"column":4},"end":{"line":260,"column":32}},"113":{"start":{"line":264,"column":2},"end":{"line":271,"column":16}},"114":{"start":{"line":265,"column":4},"end":{"line":267,"column":5}},"115":{"start":{"line":266,"column":6},"end":{"line":266,"column":13}},"116":{"start":{"line":268,"column":4},"end":{"line":268,"column":48}},"117":{"start":{"line":269,"column":4},"end":{"line":269,"column":25}},"118":{"start":{"line":270,"column":4},"end":{"line":270,"column":63}},"119":{"start":{"line":283,"column":2},"end":{"line":310,"column":16}},"120":{"start":{"line":284,"column":4},"end":{"line":286,"column":5}},"121":{"start":{"line":285,"column":6},"end":{"line":285,"column":13}},"122":{"start":{"line":287,"column":4},"end":{"line":289,"column":5}},"123":{"start":{"line":288,"column":6},"end":{"line":288,"column":13}},"124":{"start":{"line":292,"column":4},"end":{"line":293,"column":48}},"125":{"start":{"line":295,"column":4},"end":{"line":295,"column":45}},"126":{"start":{"line":296,"column":4},"end":{"line":298,"column":5}},"127":{"start":{"line":297,"column":6},"end":{"line":297,"column":32}},"128":{"start":{"line":300,"column":4},"end":{"line":300,"column":37}},"129":{"start":{"line":302,"column":4},"end":{"line":304,"column":5}},"130":{"start":{"line":303,"column":6},"end":{"line":303,"column":31}},"131":{"start":{"line":306,"column":4},"end":{"line":308,"column":5}},"132":{"start":{"line":307,"column":6},"end":{"line":307,"column":62}},"133":{"start":{"line":313,"column":2},"end":{"line":326,"column":21}},"134":{"start":{"line":315,"column":4},"end":{"line":325,"column":6}},"135":{"start":{"line":319,"column":8},"end":{"line":323,"column":16}},"136":{"start":{"line":320,"column":10},"end":{"line":322,"column":11}},"137":{"start":{"line":321,"column":12},"end":{"line":321,"column":28}},"138":{"start":{"line":337,"column":0},"end":{"line":344,"column":2}},"139":{"start":{"line":338,"column":2},"end":{"line":340,"column":5}},"140":{"start":{"line":339,"column":4},"end":{"line":339,"column":65}},"141":{"start":{"line":342,"column":2},"end":{"line":342,"column":21}},"142":{"start":{"line":352,"column":0},"end":{"line":367,"column":2}},"143":{"start":{"line":353,"column":2},"end":{"line":366,"column":3}},"144":{"start":{"line":354,"column":4},"end":{"line":354,"column":187}},"145":{"start":{"line":355,"column":4},"end":{"line":359,"column":5}},"146":{"start":{"line":356,"column":6},"end":{"line":356,"column":18}},"147":{"start":{"line":358,"column":6},"end":{"line":358,"column":14}},"148":{"start":{"line":361,"column":4},"end":{"line":365,"column":5}},"149":{"start":{"line":362,"column":6},"end":{"line":362,"column":80}},"150":{"start":{"line":364,"column":6},"end":{"line":364,"column":70}},"151":{"start":{"line":369,"column":0},"end":{"line":389,"column":2}},"152":{"start":{"line":370,"column":2},"end":{"line":388,"column":3}},"153":{"start":{"line":371,"column":4},"end":{"line":371,"column":57}},"154":{"start":{"line":372,"column":4},"end":{"line":374,"column":5}},"155":{"start":{"line":373,"column":6},"end":{"line":373,"column":31}},"156":{"start":{"line":375,"column":4},"end":{"line":375,"column":34}},"157":{"start":{"line":376,"column":4},"end":{"line":376,"column":27}},"158":{"start":{"line":377,"column":4},"end":{"line":377,"column":28}},"159":{"start":{"line":387,"column":4},"end":{"line":387,"column":30}},"160":{"start":{"line":396,"column":0},"end":{"line":411,"column":2}},"161":{"start":{"line":397,"column":2},"end":{"line":397,"column":42}},"162":{"start":{"line":399,"column":2},"end":{"line":410,"column":3}},"163":{"start":{"line":400,"column":4},"end":{"line":405,"column":18}},"164":{"start":{"line":401,"column":6},"end":{"line":401,"column":26}},"165":{"start":{"line":402,"column":6},"end":{"line":404,"column":7}},"166":{"start":{"line":403,"column":8},"end":{"line":403,"column":24}},"167":{"start":{"line":407,"column":4},"end":{"line":409,"column":5}},"168":{"start":{"line":408,"column":6},"end":{"line":408,"column":17}},"169":{"start":{"line":421,"column":0},"end":{"line":456,"column":2}},"170":{"start":{"line":422,"column":2},"end":{"line":422,"column":41}},"171":{"start":{"line":424,"column":2},"end":{"line":455,"column":20}},"172":{"start":{"line":425,"column":4},"end":{"line":425,"column":32}},"173":{"start":{"line":426,"column":4},"end":{"line":426,"column":19}},"174":{"start":{"line":427,"column":4},"end":{"line":427,"column":30}},"175":{"start":{"line":428,"column":4},"end":{"line":428,"column":46}},"176":{"start":{"line":429,"column":4},"end":{"line":429,"column":30}},"177":{"start":{"line":430,"column":4},"end":{"line":430,"column":30}},"178":{"start":{"line":431,"column":4},"end":{"line":431,"column":30}},"179":{"start":{"line":432,"column":4},"end":{"line":432,"column":30}},"180":{"start":{"line":433,"column":4},"end":{"line":433,"column":63}},"181":{"start":{"line":435,"column":4},"end":{"line":435,"column":45}},"182":{"start":{"line":436,"column":4},"end":{"line":436,"column":46}},"183":{"start":{"line":437,"column":4},"end":{"line":437,"column":44}},"184":{"start":{"line":438,"column":4},"end":{"line":438,"column":50}},"185":{"start":{"line":439,"column":4},"end":{"line":439,"column":31}},"186":{"start":{"line":441,"column":4},"end":{"line":441,"column":33}},"187":{"start":{"line":442,"column":4},"end":{"line":453,"column":5}},"188":{"start":{"line":445,"column":11},"end":{"line":453,"column":5}},"189":{"start":{"line":447,"column":6},"end":{"line":447,"column":33}},"190":{"start":{"line":450,"column":6},"end":{"line":450,"column":46}},"191":{"start":{"line":451,"column":6},"end":{"line":451,"column":35}},"192":{"start":{"line":452,"column":6},"end":{"line":452,"column":19}},"193":{"start":{"line":467,"column":0},"end":{"line":476,"column":2}},"194":{"start":{"line":468,"column":2},"end":{"line":468,"column":46}},"195":{"start":{"line":469,"column":2},"end":{"line":475,"column":3}},"196":{"start":{"line":470,"column":4},"end":{"line":470,"column":41}},"197":{"start":{"line":472,"column":4},"end":{"line":474,"column":5}},"198":{"start":{"line":473,"column":6},"end":{"line":473,"column":53}},"199":{"start":{"line":478,"column":0},"end":{"line":494,"column":2}},"200":{"start":{"line":479,"column":2},"end":{"line":479,"column":37}},"201":{"start":{"line":480,"column":2},"end":{"line":480,"column":63}},"202":{"start":{"line":481,"column":2},"end":{"line":481,"column":32}},"203":{"start":{"line":482,"column":2},"end":{"line":493,"column":3}},"204":{"start":{"line":483,"column":4},"end":{"line":483,"column":33}},"205":{"start":{"line":485,"column":4},"end":{"line":485,"column":42}},"206":{"start":{"line":486,"column":4},"end":{"line":486,"column":40}},"207":{"start":{"line":487,"column":4},"end":{"line":487,"column":44}},"208":{"start":{"line":488,"column":4},"end":{"line":488,"column":39}},"209":{"start":{"line":489,"column":4},"end":{"line":489,"column":42}},"210":{"start":{"line":491,"column":4},"end":{"line":491,"column":29}},"211":{"start":{"line":505,"column":0},"end":{"line":531,"column":1}},"212":{"start":{"line":506,"column":2},"end":{"line":509,"column":3}},"213":{"start":{"line":507,"column":4},"end":{"line":507,"column":23}},"214":{"start":{"line":508,"column":4},"end":{"line":508,"column":17}},"215":{"start":{"line":510,"column":2},"end":{"line":510,"column":39}},"216":{"start":{"line":512,"column":2},"end":{"line":514,"column":3}},"217":{"start":{"line":513,"column":4},"end":{"line":513,"column":49}},"218":{"start":{"line":515,"column":2},"end":{"line":521,"column":3}},"219":{"start":{"line":516,"column":4},"end":{"line":519,"column":6}},"220":{"start":{"line":520,"column":4},"end":{"line":520,"column":30}},"221":{"start":{"line":523,"column":2},"end":{"line":529,"column":5}},"222":{"start":{"line":524,"column":4},"end":{"line":528,"column":5}},"223":{"start":{"line":525,"column":6},"end":{"line":527,"column":7}},"224":{"start":{"line":526,"column":8},"end":{"line":526,"column":19}},"225":{"start":{"line":540,"column":0},"end":{"line":554,"column":1}},"226":{"start":{"line":541,"column":2},"end":{"line":544,"column":3}},"227":{"start":{"line":542,"column":4},"end":{"line":542,"column":23}},"228":{"start":{"line":543,"column":4},"end":{"line":543,"column":17}},"229":{"start":{"line":545,"column":2},"end":{"line":545,"column":39}},"230":{"start":{"line":546,"column":2},"end":{"line":549,"column":4}},"231":{"start":{"line":551,"column":2},"end":{"line":553,"column":3}},"232":{"start":{"line":552,"column":4},"end":{"line":552,"column":15}},"233":{"start":{"line":560,"column":0},"end":{"line":573,"column":1}},"234":{"start":{"line":561,"column":2},"end":{"line":564,"column":3}},"235":{"start":{"line":562,"column":4},"end":{"line":562,"column":23}},"236":{"start":{"line":563,"column":4},"end":{"line":563,"column":17}},"237":{"start":{"line":565,"column":2},"end":{"line":565,"column":40}},"238":{"start":{"line":566,"column":2},"end":{"line":569,"column":4}},"239":{"start":{"line":570,"column":2},"end":{"line":572,"column":3}},"240":{"start":{"line":571,"column":4},"end":{"line":571,"column":15}},"241":{"start":{"line":579,"column":0},"end":{"line":606,"column":1}},"242":{"start":{"line":580,"column":2},"end":{"line":583,"column":3}},"243":{"start":{"line":581,"column":4},"end":{"line":581,"column":23}},"244":{"start":{"line":582,"column":4},"end":{"line":582,"column":17}},"245":{"start":{"line":584,"column":2},"end":{"line":584,"column":36}},"246":{"start":{"line":585,"column":2},"end":{"line":605,"column":3}},"247":{"start":{"line":586,"column":4},"end":{"line":589,"column":6}},"248":{"start":{"line":591,"column":4},"end":{"line":598,"column":7}},"249":{"start":{"line":592,"column":6},"end":{"line":597,"column":7}},"250":{"start":{"line":593,"column":8},"end":{"line":593,"column":35}},"251":{"start":{"line":594,"column":8},"end":{"line":596,"column":9}},"252":{"start":{"line":595,"column":10},"end":{"line":595,"column":21}},"253":{"start":{"line":601,"column":4},"end":{"line":601,"column":100}},"254":{"start":{"line":602,"column":4},"end":{"line":604,"column":5}},"255":{"start":{"line":603,"column":6},"end":{"line":603,"column":17}},"256":{"start":{"line":609,"column":0},"end":{"line":620,"column":1}},"257":{"start":{"line":610,"column":2},"end":{"line":613,"column":3}},"258":{"start":{"line":611,"column":4},"end":{"line":611,"column":23}},"259":{"start":{"line":612,"column":4},"end":{"line":612,"column":17}},"260":{"start":{"line":614,"column":2},"end":{"line":614,"column":38}},"261":{"start":{"line":615,"column":2},"end":{"line":619,"column":3}},"262":{"start":{"line":616,"column":4},"end":{"line":616,"column":33}},"263":{"start":{"line":618,"column":4},"end":{"line":618,"column":36}},"264":{"start":{"line":625,"column":0},"end":{"line":636,"column":1}},"265":{"start":{"line":626,"column":2},"end":{"line":629,"column":3}},"266":{"start":{"line":627,"column":4},"end":{"line":627,"column":23}},"267":{"start":{"line":628,"column":4},"end":{"line":628,"column":17}},"268":{"start":{"line":630,"column":2},"end":{"line":630,"column":38}},"269":{"start":{"line":631,"column":2},"end":{"line":631,"column":29}},"270":{"start":{"line":632,"column":2},"end":{"line":635,"column":16}},"271":{"start":{"line":641,"column":0},"end":{"line":652,"column":1}},"272":{"start":{"line":642,"column":2},"end":{"line":645,"column":3}},"273":{"start":{"line":643,"column":4},"end":{"line":643,"column":23}},"274":{"start":{"line":644,"column":4},"end":{"line":644,"column":17}}
[...]
 new Drone(peripheral, services, characteristics);","          connectedDrone.connect(function(error) {","            if (error) { console.log('Problem connecting'); }","","            connectedDrone.takeOff();","          });","        });","      });","    }","  });","} else {","  console.log('No UUID specified');","}",""],"l":{"3":1,"4":1,"6":1,"7":1,"9":1,"10":0,"11":0,"12":0,"15":1,"16":0,"18":0,"19":0,"20":0,"21":0,"22":0,"23":0,"25":0,"26":0,"27":0,"28":0,"29":0,"37":0,"38":0,"44":1,"45":0,"47":0,"48":0,"49":0,"50":0,"54":1,"55":0,"56":0,"59":0,"62":1,"63":0,"65":0,"67":0,"68":0,"69":0,"70":0,"71":0,"73":0,"74":0,"76":0,"77":0,"78":0,"80":0,"87":1}},"/home/travis/build/npmtest/node-npmtest-rolling-spider/node_modules/rolling-spider/eg/reconnect.js":{"path":"/home/travis/build/npmtest/node-npmtest-rolling-spider/node_modules/rolling-spider/eg/reconnect.js","s":{"1":1,"2":1,"3":1,"4":1,"5":1,"6":0,"7":0,"8":0,"9":0,"10":0,"11":0,"12":0,"13":0,"14":0,"15":0,"16":0,"17":0,"18":1,"19":1},"b":{},"f":{"1":1,"2":0,"3":0,"4":0,"5":0},"fnMap":{"1":{"name":"launch","line":14,"loc":{"start":{"line":14,"column":0},"end":{"line":14,"column":18}}},"2":{"name":"(anonymous_2)","line":15,"loc":{"start":{"line":15,"column":12},"end":{"line":15,"column":24}}},"3":{"name":"(anonymous_3)","line":18,"loc":{"start":{"line":18,"column":17},"end":{"line":18,"column":29}}},"4":{"name":"(anonymous_4)","line":24,"loc":{"start":{"line":24,"column":17},"end":{"line":24,"column":29}}},"5":{"name":"(anonymous_5)","line":30,"loc":{"start":{"line":30,"column":17},"end":{"line":30,"column":29}}}},"statementMap":{"1":{"start":{"line":3,"column":0},"end":{"line":3,"column":35}},"2":{"start":{"line":4,"column":0},"end":{"line":4,"column":27}},"3":{"start":{"line":9,"column":0},"end":{"line":9,"column":36}},"4":{"start":{"line":14,"column":0},"end":{"line":35,"column":1}},"5":{"start":{"line":15,"column":2},"end":{"line":34,"column":5}},"6":{"start":{"line":16,"column":6},"end":{"line":16,"column":52}},"7":{"start":{"line":17,"column":6},"end":{"line":17,"column":19}},"8":{"start":{"line":18,"column":6},"end":{"line":22,"column":15}},"9":{"start":{"line":19,"column":8},"end":{"line":19,"column":32}},"10":{"start":{"line":20,"column":8},"end":{"line":20,"column":20}},"11":{"start":{"line":21,"column":8},"end":{"line":21,"column":22}},"12":{"start":{"line":24,"column":6},"end":{"line":27,"column":15}},"13":{"start":{"line":25,"column":8},"end":{"line":25,"column":28}},"14":{"start":{"line":26,"column":8},"end":{"line":26,"column":17}},"15":{"start":{"line":30,"column":6},"end":{"line":33,"column":16}},"16":{"start":{"line":31,"column":8},"end":{"line":31,"column":34}},"17":{"start":{"line":32,"column":8},"end":{"line":32,"column":23}},"18":{"start":{"line":40,"column":0},"end":{"line":40,"column":9}},"19":{"start":{"line":43,"column":0},"end":{"line":43,"column":26}}},"branchMap":{},"code":["'use strict';","","var keypress = require('keypress');","var Drone = require('../');","","","","","var d = new Drone(process.env.UUID);","","","","","function launch() {","  d.connect(function () {","      console.log('Prepare for take off! ', d.name);","      d.flatTrim();","      setTimeout(function () {","        console.log('take off');","        d.takeOff();","        d.startPing();","      }, 1000);","","      setTimeout(function () {","        console.log('land');","        d.land();","      }, 6000);","","","      setTimeout(function () {","        console.log('disconnect');","        d.disconnect();","      }, 10000);","  });","}","","","","","launch();","","","setTimeout(launch, 20000);","","","",""],"l":{"3":1,"4":1,"9":1,"14":1,"15":1,"16":0,"17":0,"18":0,"19":0,"20":0,"21":0,"24":0,"25":0,"26":0,"30":0,"31":0,"32":0,"40":1,"43":1}},"/home/travis/build/npmtest/node-npmtest-rolling-spider/node_modules/rolling-spider/eg/repl.js":{"path":"/home/travis/build/npmtest/node-npmtest-rolling-spider/node_modules/rolling-spider/eg/repl.js","s":{"1":1,"2":1,"3":1,"4":0,"5":0,"6":0,"7":0,"8":0,"9":0,"10":0,"11":0,"12":0},"b":{"1":[0,1]},"f":{"1":0,"2":0,"3":0},"fnMap":{"1":{"name":"(anonymous_1)","line":8,"loc":{"start":{"line":8,"column":12},"end":{"line":8,"column":23}}},"2":{"name":"(anonymous_2)","line":9,"loc":{"start":{"line":9,"column":12},"end":{"line":9,"column":23}}},"3":{"name":"(anonymous_3)","line":18,"loc":{"start":{"line":18,"column":28},"end":{"line":18,"column":39}}}},"statementMap":{"1":{"start":{"line":3,"column":0},"end":{"line":3,"column":27}},"2":{"start":{"line":4,"column":0},"end":{"line":4,"column":27}},"3":{"start":{"line":6,"column":0},"end":{"line":24,"column":1}},"4":{"start":{"line":7,"column":2},"end":{"line":7,"column":38}},"5":{"start":{"line":8,"column":2},"end":{"line":23,"column":5}},"6":{"start":{"line":9,"column":4},"end":{"line":22,"column":7}},"7":{"start":{"line":10,"column":6},"end":{"line":10,"column":20}},"8":{"start":{"line":12,"column":6},"end":{"line":14,"column":9}},"9":{"start":{"line":16,"column":6},"end":{"line":16,"column":35}},"10":{"start":{"line":18,"column":6},"end":{"line":21,"column":9}},"11":{"start":{"line":19,"column":8},"end":{"line":19,"column":17}},"12":{"start":{"line":20,"column":8},"end":{"line":20,"column":23}}},"branchMap":{"1":{"line":6,"type":"if","locations":[{"start":{"line":6,"column":0},"end":{"line":6,"column":0}},{"start":{"line":6,"column":0},"end":{"line":6,"column":0}}]}},"code":["'use strict';","","var Drone = require('../');","var repl = require('repl');","","if (process.env.UUID) {","  var d = new Drone(process.env.UUID);","  d.connect(function() {","    d.setup(function() {","      d.startPing();","","      var replServer = repl.start({","        prompt: 'Drone (' + d.uuid + ') > '","      });","","      replServer.context.drone = d;","","      replServer.on('exit', function() {","        d.land();","        process.exit();","      });","    });","  });","}",""],"l":{"3":1,"4":1,"6":1,"7":0,"8":0,"9":0,"10":0,"12":0,"16":0,"18":0,"19":0,"20":0}},"/home/travis/build/npmtest/node-npmtest-rolling-spider/node_modules/rolling-spider/eg/swarm.js":{"path":"/home/travis/build/npmtest/node-npmtest-rolling-spider/node_modules/rolling-spider/eg/swarm.js","s":{"1":1,"2":1,"3":1,"4":1,"5":1,"6":0,"7":0,"8":0,"9":1,"10":1,"11":1,"12":1,"13":1,"14":1,"15":1,"16":1,"17":0,"18":0,"19":0,"20":0,"21":0,"22":0,"23":0,"24":0,"25":0,"26":0,"27":0,"28":0,"29":0,"30":0,"31":0,"32":0,"33":0,"34":0,"35":0,"36":0,"37":0,"38":0,"39":0,"40":0,"41":0,"42":0,"43":0,"44":0,"45":0,"46":0,"47":0,"48":0,"49":0,"50":0,"51":0,"52":0,"53":0,"54":0,"55":0,"56":0,"57":0,"58":0,"59":0,"60":0,"61":0,"62":0,"63":0,"64":0,"65":0,"66":0,"67":0,"68":0,"69":0,"70":0,"71":0,"72":0,"73":0,"74":0,"75":0,"76":0,"77":0},"b":{"1":[0,0],"2":[0,0],"3":[0,0],"4":[0,0],"5":[0,0],"6":[0,0],"7":[0,0],"8":[0,0],"9":[0,0],"10":[0,0],"11":[0,0],"12":[0,0],"13":[0,0],"14":[0,0],"15":[0,0],"16":[0,0],"17":[0,0],"18":[0,0],"19":[0,0],"20":[0,0,0]},"f":{"1":0,"2":0,"3":1,"4":0,"5":0,"6":0,"7":0},"fnMap":{"1":{"name":"cooldown","line":10,"loc":{"start":{"line":10,"column":0},"end":{"line":10,"column":20}}},"2":{"name":"(anonymous_2)","line":12,"loc":{"start":{"line":12,"column":13},"end":{"line":12,"column":25}}},"3":{"name":"(anonymous_3)","line":33,"loc":{"start":{"line":33,"column":22},"end":{"line":33,"column":34}}},"4":{"name":"(anonymous_4)","line":40,"loc":{"start":{"line":40,"column":29},"end":{"line":40,"column":48}}},"5":{"name":"(anonymous_5)","line":44,"loc":{"start":{"line":44,"column":17},"end":{"line":44,"column":29}}},"6":{"name":"(anonymous_6)","line":96,"loc":{"start":{"line":96,"column":17},"end":{"line":96,"column":29}}},"7":{"name":"(anonymous_7)","line":98,"loc":{"start":{"line":98,"column":23},"end":{"line":98,"column":35}}}},"statementMap":{"1":{"start":{"line":3,"column":0},"end":{"line":3,"column":35}},"2":{"start":{"line":4,"column":0},"end":{"line":4,"column":33}},"3":{"start":{"line":6,"column":0},"end":{"line":6,"column":18}},"4":{"start":{"line":7,"column":0},"end":{"line":7,"column":14}},"5":{"start":{"line":10,"column":0},"end":{"line":15,"column":1}},"6":{"start":{"line":11,"column":2},"end":{"line":11,"column":17}},"7":{"start":{"line":12,"column":2},"end":{"line":14,"column":17}},"8":{"start":{"line":13,"column":4},"end":{"line":13,"column":18}},"9":{"start":{"line":18,"column":0},"end":{"line":18,"column":24}},"10":{"start":{"line":23,"column":0},"end":{"line":23,"column":31}},"11":{"start":{"line":24,"column":0},"end":{"line":24,"column":23}},"12":{"start":{"line":29,"column":0},"end":{"line":29,"column":37}},"13":{"start":{"line":31,"column":0},"end":{"line":31,"column":17}},"14":{"start":{"line":33,"column":0},"end":{"line":35,"column":3}},"15":{"start":{"line":34,"column":2},"end":{"line":34,"column":16}},"16":{"start":{"line":40,"column":0},"end":{"line":112,"column":3}},"17":{"start":{"line":41,"column":2},"end":{"line":107,"column":3}},"18":{"start":{"line":42,"column":4},"end":{"line":106,"column":5}},"19":{"start":{"line":43,"column":6},"end":{"line":43,"column":24}},"20":{"start":{"line":44,"column":6},"end":{"line":46,"column":15}},"21":{"start":{"line":45,"column":8},"end":{"line":45,"column":23}},"22":{"start":{"line":47,"column":11},"end":{"line":106,"column":5}},"23":{"start":{"line":48,"column":6},"end":{"line":48,"column":35}},"24":{"start":{"line":49,"column":6},"end":{"line":49,"column":22}},"25":{"start":{"line":50,"column":11},"end":{"line":106,"column":5}},"26":{"start":{"line":51,"column":6},"end":{"line":51,"column":35}},"27":{"start":{"line":52,"column":6},"end":{"line":52,"column":38}},"28":{"start":{"line":53,"column":6},"end":{"line":53,"column":17}},"29":{"start":{"line":54,"column":11},"end":{"line":106,"column":5}},"30":{"start":{"line":55,"column":6},"end":{"line":55,"column":36}},"31":{"start":{"line":56,"column":6},"end":{"line":56,"column":39}},"32":{"start":{"line":57,"column":6},"end":{"line":57,"column":17}},"33":{"start":{"line":58,"column":11},"end":{"line":106,"column":5}},"34":{"start":{"line":59,"column":6},"end":{"line":59,"column":36}},"35":{"start":{"line":60,"column":6},"end":{"line":60,"column":39}},"36":{"start":{"line":61,"column":6},"end":{"line":61,"column":17}},"37":{"start":{"line":62,"column":11},"end":{"line":106,"column":5}},"38":{"start":{"line":63,"column":6},"end":{"line":63,"column":36}},"39":{"start":{"line":64,"column":6},"end":{"line":64,"column":39}},"40":{"start":{"line":65,"column":6},"end":{"line":65,"column":17}},"41":{"start":{"line":66,"column":11},"end":{"line":106,"column":5}},"42":{"start":{"line":67,"column":6},"end":{"line":67,"column":37}},"43":{"start":{"line":68,"column":6},"end":{"line":68,"column":40}},"44":{"start":{"line":69,"column":6},"end":{"line":69,"column":17}},"45":{"start":{"line":70,"column":11},"end":{"line":106,"column":5}},"46":{"start":{"line":71,"column":6},"end":{"line":71,"column":37}},"47":{"start":{"line":72,"column":6},"end":{"line":72,"column":40}},"48":{"start":{"line":73,"column":6},"end":{"line":73,"column":17}},"49":{"start":{"line":74,"column":11},"end":{"line":106,"column":5}},"50":{"start":{"line":75,"column":6},"end":{"line":75,"column":30}},"51":{"start":{"line":76,"column":6},"end":{"line":76,"column":39}},"52":{"start":{"line":77,"column":6},"end":{"line":77,"column":17}},"53":{"start":{"line":78,"column":11},"end":{"line":106,"column":5}},"54":{"start":{"line":79,"column":6},"end":{"line":79,"column":32}},"55":{"start":{"line":80,"column":6},"end":{"line":80,"column":41}},"56":{"start":{"line":81,"column":6},"end":{"line":81,"column":17}},"57":{"start":{"line":82,"column":11},"end":{"line":106,"column":5}},"58":{"start":{"line":83,"column":6},"end":{"line":83,"column":40}},"59":{"start":{"line":84,"column":6},"end":{"line":84,"column":17}},"60":{"start":{"line":85,"column":11},"end":{"line":106,"column":5}},"61":{"start":{"line":86,"column":6},"end":{"line":86,"column":39}},"62":{"start":{"line":87,"column":6},"end":{"line":87,"column":17}},"63":{"start":{"line":88,"column":11},"end":{"line":106,"column":5}},"64":{"start":{"line":89,"column":6},"end":{"line":89,"column":40}},"65":{"start":{"line":90,"column":6},"end":{"line":90,"column":17}},"66":{"start":{"line":91,"column":11},"end":{"line":106,"column":5}},"67":{"start":{"line":92,"column":6},"end":{"line":92,"column":39}},"68":{"start":{"line":93,"column":6},"end":{"line":93,"column":17}},"69":{"start":{"line":94,"column":11},"end":{"line":106,"column":5}},"70":{"start":{"line":95,"column":6},"end":{"line":95,"column":51}},"71":{"start":{"line":96,"column":6},"end":{"line":101,"column":9}},"72":{"start":{"line":97,"column":8},"end":{"line":97,"column":28}},"73":{"start":{"line":98,"column":8},"end":{"line":100,"column":11}},"74":{"start":{"line":99,"column":10},"end":{"line":99,"column":33}},"75":{"start":{"line":108,"column":2},"end":{"line":111,"column":3}},"76":{"start":{"line":109,"column":4},"end":{"line":109,"column":26}},"77":{"start":{"line":110,"column":4},"end":{"line":110,"column":19}}},"branchMap":{"1":{"line":41,"type":"if","locations":[{"start":{"line":41,"column":2},"end":{"line":41,"column":2}},{"start":{"line":41,"column":2},"end":{"line":41,"column":2}}]},"2":{"line":41,"type":"binary-expr","locations":[{"start":{"line":41,"column":6},"end":{"line":41,"column":12}},{"start":{"line":41,"column":16},"end":{"line":41,"column":19}}]},"3":{"line":42,"type":"if","locations":[{"start":{"line":42,"column":4},"end":{"line":42,"column":4}},{"start":{"line":42,"column":4},"end":{"line":42,"column":4}}]},"4":{"line":47,"type":"if","locations":[{"start":{"line":47,"column":11},"end":{"line":47,"column":11}},{"start":{"line":47,"column":11},"end":{"line":47,"column":11}}]},"5":{"line":50,"type":"if","locations":[{"start":{"line":50,"column":11},"end":{"line":50,"column":11}},{"start":{"line":50,"column":11},"end":{"line":50,"column":11}}]},"6":{"line":54,"type":"if","locations":[{"start":{"line":54,"column":11},"end":{"line":54,"column":11}},{"start":{"line":54,"column":11},"end":{"line":54,"column":11}}]},"7":{"line":58,"type":"if","locations":[{"start":{"line":58,"column":11},"end":{"line":58,"column":11}},{"start":{"line":58,"column":11},"end":{"line":58,"column":11}}]},"8":{"line":62,"type":"if","locations":[{"start":{"line":62,"column":11},"end":{"line":62,"column":11}},{"start":{"line":62,"column":11},"end":{"line":62,"column":11}}]},"9":{"line":66,"type":"if","locations":[{"start":{"line":66,"column":11},"end":{"line":66,"column":11}},{"start":{"line":66,"column":11},"end":{"line":66,"column":11}}]},"10":{"line":70,"type":"if","locations":[{"start":{"line":70,"column":11},"end":{"line":70,"column":11}},{"start":{"line":70,"column":11},"end":{"line":70,"column":11}}]},"11":{"line":74,"type":"if","locations":[{"start":{"line":74,"column":11},"end":{"line":74,"column":11}},{"start":{"line":74,"column":11},"end":{"line":74,"column":11}}]},"12":{"line":78,"type":"if","locations":[{"start":{"line":78,"column":11},"end":{"line":78,"column":11}},{"start":{"line":78,"column":11},"end":{"line":78,"column":11}}]},"13":{"line":82,"type":"if","locations":[{"start":{"line":82,"column":11},"end":{"line":82,"column":11}},{"start":{"line":82,"column":11},"end":{"line":82,"column":11}}]},"14":{"line":82,"type":"binary-expr","locations":[{"start":{"line":82,"column":15},"end":{"line":82,"column":31}},{"start":{"line":82,"column":35},"end":{"line":82,"column":51}}]},"15":{"line":85,"type":"if","locations":[{"start":{"line":85,"column":11},"end":{"line":85,"column":11}},{"start":{"line":85,"column":11},"end":{"line":85,"column":11}}]},"16":{"line":88,"type":"if","locations":[{"start":{"line":88,"column":11},"end":{"line":88,"column":11}},{"start":{"line":88,"column":11},"end":{"line":88,"column":11}}]},"17":{"line":91,"type":"if","locations":[{"start":{"line":91,"column":11},"end":{"line":91,"column":11}},{"start":{"line":91,"column":11},"end":{"line":91,"column":11}}]},"18":{"line":94,"type":"if","locations":[{"start":{"line":94,"column":11},"end":{"line":94,"column":11}},{"start":{"line":94,"column":11},"end":{"line":94,"column":11}}]},"19":{"line":108,"type":"if","locations":[{"start":{"line":108,"column":2},"end":{"line":108,"column":2}},{"start":{"line":108,"column":2},"end":{"line":108,"column":2}}]},"20":{"line":108,"type":"binary-expr","locations":[{"start":{"line":108,"column":6},"end":{"line":108,"column":9}},{"start":{"line":108,"column":13},"end":{"line":108,"column":21}},{"start":{"line":108,"column":25},"end":{"line":108,"column":41}}]}},"code":["'use strict';","","var keypress = require('keypress');","var Swarm = require('../').Swarm;","","var ACTIVE = true;","var STEPS = 2;","","","function cooldown() {","  ACTIVE = false;","  setTimeout(function () {","    ACTIVE = true;","  }, STEPS * 12);","}","","// make `process.stdin` begin emitting 'keypress' events","keypress(process.stdin);","","// listen for the 'keypress' event","","","process.stdin.setRawMode(true);","process.stdin.resume();","","","","","var swarm = new Swarm({timeout: 10});","","swarm.assemble();","","swarm.on('assembled', function () {","  ACTIVE = true;","});","","","","","process.stdin.on('keypress', function (ch, key) {","  if (ACTIVE && key) {","    if (key.name === 'm') {","      swarm.emergency();","      setTimeout(function () {","        process.exit();","      }, 3000);","    } else if (key.name === 't') {","      console.log('swarm#takeoff');","      swarm.takeOff();","    } else if (key.name === 'w') {","      console.log('swarm#forward');","      swarm.forward({ steps: STEPS });","      cooldown();","    } else if (key.name === 's') {","      console.log('swarm#backward');","      swarm.backward({ steps: STEPS });","      cooldown();","    } else if (key.name === 'left') {","      console.log('swarm#turnleft');","      swarm.turnLeft({ steps: STEPS });","      cooldown();","    } else if (key.name === 'a') {","      console.log('swarm#tiltleft');","      swarm.tiltLeft({ steps: STEPS });","      cooldown();","    } else if (key.name === 'd') {","      console.log('swarm#tiltright');","      swarm.tiltRight({ steps: STEPS });","      cooldown();","    } else if (key.name === 'right') {","      console.log('swarm#turnright');","      swarm.turnRight({ steps: STEPS });","      cooldown();","    } else if (key.name === 'up') {","      console.log('swarm#up');","      swarm.up({ steps: STEPS * 2.5 });","      cooldown();","    } else if (key.name === 'down') {","      console.log('swarm#down');","      swarm.down({ steps: STEPS * 2.5 });","      cooldown();","    } else if (key.name === 'i' || key.name === 'f') {","      swarm.frontFlip({ steps: STEPS });","      cooldown();","    } else if (key.name === 'j') {","      swarm.leftFlip({ steps: STEPS });","      cooldown();","    } else if (key.name === 'l') {","      swarm.rightFlip({ steps: STEPS });","      cooldown();","    } else if (key.name === 'k') {","      swarm.backFlip({ steps: STEPS });","      cooldown();","    } else if (key.name === 'q') {","      console.log('Initiated Landing Sequence...');","      swarm.land(function () {","        console.log('land');","        swarm.release( function () {","          console.log('release');","        });","      });","","//      setTimeout(function () {","//        process.exit();","//      }, 3000);","    }","  }","  if (key && key.ctrl && key.name === 'c') {","    process.stdin.pause();","    process.exit();","  }","});",""],"l":{"3":1,"4":1,"6":1,"7":1,"10":1,"11":0,"12":0,"13":0,"18":1,"23":1,"24":1,"29":1,"31":1,"33":1,"34":1,"40":1,"41":0,"42":0,"43":0,"44":0,"45":0,"47":0,"48":0,"49":0,"50":0,"51":0,"52":0,"53":0,"54":0,"55":0,"56":0,"57":0,"58":0,"59":0,"60":0,"61":0,"62":0,"63":0,"64":0,"65":0,"66":0,"67":0,"68":0,"69":0,"70":0,"71":0,"72":0,"73":0,"74":0,"75":0,"76":0,"77":0,"78":0,"79":0,"80":0,"81":0,"82":0,"83":0,"84":0,"85":0,"86":0,"87":0,"88":0,"89":0,"90":0,"91":0,"92":0,"93":0,"94":0,"95":0,"96":0,"97":0,"98":0,"99":0,"108":0,"109":0,"110":0}}}